{"/home/travis/build/npmtest/node-npmtest-svg-injector/test.js":{"path":"/home/travis/build/npmtest/node-npmtest-svg-injector/test.js","s":{"1":2,"2":2,"3":2,"4":2,"5":2,"6":2,"7":2,"8":1,"9":2,"10":2,"11":1,"12":1,"13":1,"14":1,"15":2,"16":2,"17":2,"18":2,"19":1,"20":1,"21":2,"22":2,"23":2,"24":1,"25":1,"26":1,"27":1,"28":1,"29":1,"30":1,"31":1,"32":1,"33":1,"34":1,"35":1,"36":1,"37":1,"38":1,"39":2,"40":2,"41":1,"42":2,"43":2,"44":1,"45":2,"46":2,"47":1,"48":2,"49":2,"50":1,"51":1,"52":1,"53":1,"54":1},"b":{"1":[2,1,1,1],"2":[1,1,1,1],"3":[1,1],"4":[1,1],"5":[1,1],"6":[1,1],"7":[1,1],"8":[1,1],"9":[1,1],"10":[1,1,1],"11":[1,1],"12":[1,1],"13":[1,1],"14":[1,1],"15":[1,1],"16":[1,1],"17":[1,1]},"f":{"1":2,"2":2,"3":2,"4":2,"5":2,"6":1,"7":1,"8":1,"9":2,"10":2,"11":2,"12":2,"13":1},"fnMap":{"1":{"name":"(anonymous_1)","line":12,"loc":{"start":{"line":12,"column":1},"end":{"line":12,"column":13}}},"2":{"name":"(anonymous_2)","line":19,"loc":{"start":{"line":19,"column":5},"end":{"line":19,"column":17}}},"3":{"name":"(anonymous_3)","line":23,"loc":{"start":{"line":23,"column":24},"end":{"line":23,"column":36}}},"4":{"name":"(anonymous_4)","line":61,"loc":{"start":{"line":61,"column":5},"end":{"line":61,"column":17}}},"5":{"name":"(anonymous_5)","line":82,"loc":{"start":{"line":82,"column":5},"end":{"line":82,"column":17}}},"6":{"name":"(anonymous_6)","line":91,"loc":{"start":{"line":91,"column":77},"end":{"line":94,"column":10}}},"7":{"name":"(anonymous_7)","line":112,"loc":{"start":{"line":112,"column":83},"end":{"line":115,"column":10}},"skip":true},"8":{"name":"(anonymous_8)","line":123,"loc":{"start":{"line":123,"column":77},"end":{"line":126,"column":10}},"skip":true},"9":{"name":"(anonymous_9)","line":139,"loc":{"start":{"line":139,"column":12},"end":{"line":139,"column":40}},"skip":true},"10":{"name":"(anonymous_10)","line":147,"loc":{"start":{"line":147,"column":77},"end":{"line":150,"column":10}},"skip":true},"11":{"name":"(anonymous_11)","line":158,"loc":{"start":{"line":158,"column":83},"end":{"line":161,"column":10}},"skip":true},"12":{"name":"(anonymous_12)","line":169,"loc":{"start":{"line":169,"column":79},"end":{"line":172,"column":10}},"skip":true},"13":{"name":"(anonymous_13)","line":180,"loc":{"start":{"line":180,"column":75},"end":{"line":183,"column":10}},"skip":true}},"statementMap":{"1":{"start":{"line":12,"column":0},"end":{"line":195,"column":5}},"2":{"start":{"line":14,"column":4},"end":{"line":14,"column":14}},"3":{"start":{"line":19,"column":4},"end":{"line":56,"column":9}},"4":{"start":{"line":21,"column":8},"end":{"line":21,"column":19}},"5":{"start":{"line":23,"column":8},"end":{"line":35,"column":13}},"6":{"start":{"line":24,"column":12},"end":{"line":34,"column":13}},"7":{"start":{"line":25,"column":16},"end":{"line":28,"column":30}},"8":{"start":{"line":30,"column":16},"end":{"line":33,"column":27}},"9":{"start":{"line":37,"column":8},"end":{"line":39,"column":21}},"10":{"start":{"line":40,"column":8},"end":{"line":53,"column":9}},"11":{"start":{"line":43,"column":12},"end":{"line":46,"column":14}},"12":{"start":{"line":47,"column":12},"end":{"line":47,"column":18}},"13":{"start":{"line":50,"column":12},"end":{"line":51,"column":33}},"14":{"start":{"line":52,"column":12},"end":{"line":52,"column":18}},"15":{"start":{"line":55,"column":8},"end":{"line":55,"column":35}},"16":{"start":{"line":61,"column":4},"end":{"line":63,"column":9}},"17":{"start":{"line":62,"column":8},"end":{"line":62,"column":15}},"18":{"start":{"line":64,"column":4},"end":{"line":77,"column":5}},"19":{"start":{"line":70,"column":8},"end":{"line":70,"column":14}},"20":{"start":{"line":76,"column":8},"end":{"line":76,"column":14}},"21":{"start":{"line":82,"column":4},"end":{"line":84,"column":9}},"22":{"start":{"line":83,"column":8},"end":{"line":83,"column":15}},"23":{"start":{"line":85,"column":4},"end":{"line":194,"column":5}},"24":{"start":{"line":91,"column":8},"end":{"line":99,"column":10}},"25":{"start":{"line":98,"column":12},"end":{"line":98,"column":35}},"26":{"start":{"line":102,"column":8},"end":{"line":104,"column":63}},"27":{"start":{"line":105,"column":8},"end":{"line":105,"column":14}},"28":{"start":{"line":112,"column":8},"end":{"line":121,"column":10},"skip":true},"29":{"start":{"line":119,"column":12},"end":{"line":119,"column":55},"skip":true},"30":{"start":{"line":120,"column":12},"end":{"line":120,"column":48},"skip":true},"31":{"start":{"line":123,"column":8},"end":{"line":136,"column":10},"skip":true},"32":{"start":{"line":130,"column":12},"end":{"line":130,"column":76},"skip":true},"33":{"start":{"line":131,"column":12},"end":{"line":131,"column":73},"skip":true},"34":{"start":{"line":132,"column":12},"end":{"line":132,"column":74},"skip":true},"35":{"start":{"line":133,"column":12},"end":{"line":133,"column":79},"skip":true},"36":{"start":{"line":134,"column":12},"end":{"line":134,"column":25},"skip":true},"37":{"start":{"line":135,"column":12},"end":{"line":135,"column":45},"skip":true},"38":{"start":{"line":138,"column":8},"end":{"line":145,"column":14},"skip":true},"39":{"start":{"line":143,"column":16},"end":{"line":143,"column":29},"skip":true},"40":{"start":{"line":144,"column":16},"end":{"line":144,"column":55},"skip":true},"41":{"start":{"line":147,"column":8},"end":{"line":156,"column":10},"skip":true},"42":{"start":{"line":154,"column":12},"end":{"line":154,"column":25},"skip":true},"43":{"start":{"line":155,"column":12},"end":{"line":155,"column":45},"skip":true},"44":{"start":{"line":158,"column":8},"end":{"line":167,"column":10},"skip":true},"45":{"start":{"line":165,"column":12},"end":{"line":165,"column":25},"skip":true},"46":{"start":{"line":166,"column":12},"end":{"line":166,"column":48},"skip":true},"47":{"start":{"line":169,"column":8},"end":{"line":178,"column":10},"skip":true},"48":{"start":{"line":176,"column":12},"end":{"line":176,"column":25},"skip":true},"49":{"start":{"line":177,"column":12},"end":{"line":177,"column":46},"skip":true},"50":{"start":{"line":180,"column":8},"end":{"line":189,"column":10},"skip":true},"51":{"start":{"line":187,"column":12},"end":{"line":187,"column":94},"skip":true},"52":{"start":{"line":188,"column":12},"end":{"line":188,"column":48},"skip":true},"53":{"start":{"line":192,"column":8},"end":{"line":192,"column":35},"skip":true},"54":{"start":{"line":193,"column":8},"end":{"line":193,"column":14},"skip":true}},"branchMap":{"1":{"line":25,"type":"binary-expr","locations":[{"start":{"line":25,"column":23},"end":{"line":25,"column":62}},{"start":{"line":26,"column":20},"end":{"line":26,"column":70}},{"start":{"line":27,"column":20},"end":{"line":27,"column":71}},{"start":{"line":28,"column":20},"end":{"line":28,"column":29}}]},"2":{"line":30,"type":"binary-expr","locations":[{"start":{"line":30,"column":23},"end":{"line":30,"column":37}},{"start":{"line":31,"column":20},"end":{"line":31,"column":61}},{"start":{"line":32,"column":20},"end":{"line":32,"column":70}},{"start":{"line":33,"column":20},"end":{"line":33,"column":26}}]},"3":{"line":37,"type":"cond-expr","locations":[{"start":{"line":38,"column":14},"end":{"line":38,"column":20}},{"start":{"line":39,"column":14},"end":{"line":39,"column":20}}]},"4":{"line":40,"type":"switch","locations":[{"start":{"line":42,"column":8},"end":{"line":47,"column":18}},{"start":{"line":49,"column":8},"end":{"line":52,"column":18}}]},"5":{"line":44,"type":"binary-expr","locations":[{"start":{"line":44,"column":16},"end":{"line":44,"column":44}},{"start":{"line":44,"column":48},"end":{"line":44,"column":66}}]},"6":{"line":50,"type":"binary-expr","locations":[{"start":{"line":50,"column":21},"end":{"line":50,"column":49}},{"start":{"line":50,"column":53},"end":{"line":50,"column":72}}]},"7":{"line":64,"type":"switch","locations":[{"start":{"line":69,"column":4},"end":{"line":70,"column":14}},{"start":{"line":75,"column":4},"end":{"line":76,"column":14}}]},"8":{"line":85,"type":"switch","locations":[{"start":{"line":90,"column":4},"end":{"line":105,"column":14}},{"start":{"line":111,"column":4},"end":{"line":193,"column":14},"skip":true}]},"9":{"line":91,"type":"binary-expr","locations":[{"start":{"line":91,"column":42},"end":{"line":91,"column":73}},{"start":{"line":91,"column":77},"end":{"line":99,"column":9}}]},"10":{"line":102,"type":"binary-expr","locations":[{"start":{"line":102,"column":18},"end":{"line":102,"column":32}},{"start":{"line":103,"column":12},"end":{"line":103,"column":53}},{"start":{"line":104,"column":12},"end":{"line":104,"column":61}}]},"11":{"line":112,"type":"binary-expr","locations":[{"start":{"line":112,"column":45},"end":{"line":112,"column":79},"skip":true},{"start":{"line":112,"column":83},"end":{"line":121,"column":9},"skip":true}]},"12":{"line":123,"type":"binary-expr","locations":[{"start":{"line":123,"column":42},"end":{"line":123,"column":73},"skip":true},{"start":{"line":123,"column":77},"end":{"line":136,"column":9},"skip":true}]},"13":{"line":138,"type":"binary-expr","locations":[{"start":{"line":138,"column":48},"end":{"line":138,"column":85},"skip":true},{"start":{"line":139,"column":12},"end":{"line":145,"column":13},"skip":true}]},"14":{"line":147,"type":"binary-expr","locations":[{"start":{"line":147,"column":42},"end":{"line":147,"column":73},"skip":true},{"start":{"line":147,"column":77},"end":{"line":156,"column":9},"skip":true}]},"15":{"line":158,"type":"binary-expr","locations":[{"start":{"line":158,"column":45},"end":{"line":158,"column":79},"skip":true},{"start":{"line":158,"column":83},"end":{"line":167,"column":9},"skip":true}]},"16":{"line":169,"type":"binary-expr","locations":[{"start":{"line":169,"column":43},"end":{"line":169,"column":75},"skip":true},{"start":{"line":169,"column":79},"end":{"line":178,"column":9},"skip":true}]},"17":{"line":180,"type":"binary-expr","locations":[{"start":{"line":180,"column":41},"end":{"line":180,"column":71},"skip":true},{"start":{"line":180,"column":75},"end":{"line":189,"column":9},"skip":true}]}},"code":["/* istanbul instrument in package npmtest_svg_injector */","/*jslint","    bitwise: true,","    browser: true,","    maxerr: 8,","    maxlen: 96,","    node: true,","    nomen: true,","    regexp: true,","    stupid: true","*/","(function () {","    'use strict';","    var local;","","","","    // run shared js-env code - pre-init","    (function () {","        // init local","        local = {};","        // init modeJs","        local.modeJs = (function () {","            try {","                return typeof navigator.userAgent === 'string' &&","                    typeof document.querySelector('body') === 'object' &&","                    typeof XMLHttpRequest.prototype.open === 'function' &&","                    'browser';","            } catch (errorCaughtBrowser) {","                return module.exports &&","                    typeof process.versions.node === 'string' &&","                    typeof require('http').createServer === 'function' &&","                    'node';","            }","        }());","        // init global","        local.global = local.modeJs === 'browser'","            ? window","            : global;","        switch (local.modeJs) {","        // re-init local from window.local","        case 'browser':","            local = local.global.utility2.objectSetDefault(","                local.global.utility2_rollup || local.global.local,","                local.global.utility2","            );","            break;","        // re-init local from example.js","        case 'node':","            local = (local.global.utility2_rollup || require('utility2'))","                .requireReadme();","            break;","        }","        // export local","        local.global.local = local;","    }());","","","","    // run shared js-env code - function","    (function () {","        return;","    }());","    switch (local.modeJs) {","","","","    // run browser js-env code - function","    case 'browser':","        break;","","","","    // run node js-env code - function","    case 'node':","        break;","    }","","","","    // run shared js-env code - post-init","    (function () {","        return;","    }());","    switch (local.modeJs) {","","","","    // run browser js-env code - post-init","    case 'browser':","        local.testCase_browser_nullCase = local.testCase_browser_nullCase || function (","            options,","            onError","        ) {","        /*","         * this function will test browsers's null-case handling-behavior-behavior","         */","            onError(null, options);","        };","","        // run tests","        local.nop(local.modeTest &&","            document.querySelector('#testRunButton1') &&","            document.querySelector('#testRunButton1').click());","        break;","","","","    // run node js-env code - post-init","    /* istanbul ignore next */","    case 'node':","        local.testCase_buildApidoc_default = local.testCase_buildApidoc_default || function (","            options,","            onError","        ) {","        /*","         * this function will test buildApidoc's default handling-behavior-behavior","         */","            options = { modulePathList: module.paths };","            local.buildApidoc(options, onError);","        };","","        local.testCase_buildApp_default = local.testCase_buildApp_default || function (","            options,","            onError","        ) {","        /*","         * this function will test buildApp's default handling-behavior-behavior","         */","            local.testCase_buildReadme_default(options, local.onErrorThrow);","            local.testCase_buildLib_default(options, local.onErrorThrow);","            local.testCase_buildTest_default(options, local.onErrorThrow);","            local.testCase_buildCustomOrg_default(options, local.onErrorThrow);","            options = [];","            local.buildApp(options, onError);","        };","","        local.testCase_buildCustomOrg_default = local.testCase_buildCustomOrg_default ||","            function (options, onError) {","            /*","             * this function will test buildCustomOrg's default handling-behavior","             */","                options = {};","                local.buildCustomOrg(options, onError);","            };","","        local.testCase_buildLib_default = local.testCase_buildLib_default || function (","            options,","            onError","        ) {","        /*","         * this function will test buildLib's default handling-behavior","         */","            options = {};","            local.buildLib(options, onError);","        };","","        local.testCase_buildReadme_default = local.testCase_buildReadme_default || function (","            options,","            onError","        ) {","        /*","         * this function will test buildReadme's default handling-behavior-behavior","         */","            options = {};","            local.buildReadme(options, onError);","        };","","        local.testCase_buildTest_default = local.testCase_buildTest_default || function (","            options,","            onError","        ) {","        /*","         * this function will test buildTest's default handling-behavior","         */","            options = {};","            local.buildTest(options, onError);","        };","","        local.testCase_webpage_default = local.testCase_webpage_default || function (","            options,","            onError","        ) {","        /*","         * this function will test webpage's default handling-behavior","         */","            options = { modeCoverageMerge: true, url: local.serverLocalHost + '?modeTest=1' };","            local.browserTest(options, onError);","        };","","        // run test-server","        local.testRunServer(local);","        break;","    }","}());",""],"l":{"12":2,"14":2,"19":2,"21":2,"23":2,"24":2,"25":2,"30":1,"37":2,"40":2,"43":1,"47":1,"50":1,"52":1,"55":2,"61":2,"62":2,"64":2,"70":1,"76":1,"82":2,"83":2,"85":2,"91":1,"98":1,"102":1,"105":1,"112":1,"119":1,"120":1,"123":1,"130":1,"131":1,"132":1,"133":1,"134":1,"135":1,"138":1,"143":2,"144":2,"147":1,"154":2,"155":2,"158":1,"165":2,"166":2,"169":1,"176":2,"177":2,"180":1,"187":1,"188":1,"192":1,"193":1}},"/home/travis/build/npmtest/node-npmtest-svg-injector/lib.npmtest_svg_injector.js":{"path":"/home/travis/build/npmtest/node-npmtest-svg-injector/lib.npmtest_svg_injector.js","s":{"1":2,"2":2,"3":2,"4":2,"5":2,"6":2,"7":2,"8":1,"9":2,"10":2,"11":2,"12":2,"13":1,"14":1,"15":1,"16":1},"b":{"1":[2,1,1,1],"2":[1,1,1,1],"3":[1,1],"4":[2,2],"5":[1,1]},"f":{"1":2,"2":2,"3":2},"fnMap":{"1":{"name":"(anonymous_1)","line":12,"loc":{"start":{"line":12,"column":1},"end":{"line":12,"column":13}}},"2":{"name":"(anonymous_2)","line":19,"loc":{"start":{"line":19,"column":5},"end":{"line":19,"column":17}}},"3":{"name":"(anonymous_3)","line":23,"loc":{"start":{"line":23,"column":24},"end":{"line":23,"column":36}}}},"statementMap":{"1":{"start":{"line":12,"column":0},"end":{"line":53,"column":5}},"2":{"start":{"line":14,"column":4},"end":{"line":14,"column":14}},"3":{"start":{"line":19,"column":4},"end":{"line":52,"column":9}},"4":{"start":{"line":21,"column":8},"end":{"line":21,"column":19}},"5":{"start":{"line":23,"column":8},"end":{"line":35,"column":13}},"6":{"start":{"line":24,"column":12},"end":{"line":34,"column":13}},"7":{"start":{"line":25,"column":16},"end":{"line":28,"column":30}},"8":{"start":{"line":30,"column":16},"end":{"line":33,"column":27}},"9":{"start":{"line":37,"column":8},"end":{"line":39,"column":21}},"10":{"start":{"line":41,"column":8},"end":{"line":41,"column":54}},"11":{"start":{"line":43,"column":8},"end":{"line":43,"column":57}},"12":{"start":{"line":45,"column":8},"end":{"line":51,"column":9}},"13":{"start":{"line":46,"column":12},"end":{"line":46,"column":63}},"14":{"start":{"line":48,"column":12},"end":{"line":48,"column":35}},"15":{"start":{"line":49,"column":12},"end":{"line":49,"column":49}},"16":{"start":{"line":50,"column":12},"end":{"line":50,"column":43}}},"branchMap":{"1":{"line":25,"type":"binary-expr","locations":[{"start":{"line":25,"column":23},"end":{"line":25,"column":62}},{"start":{"line":26,"column":20},"end":{"line":26,"column":70}},{"start":{"line":27,"column":20},"end":{"line":27,"column":71}},{"start":{"line":28,"column":20},"end":{"line":28,"column":29}}]},"2":{"line":30,"type":"binary-expr","locations":[{"start":{"line":30,"column":23},"end":{"line":30,"column":37}},{"start":{"line":31,"column":20},"end":{"line":31,"column":61}},{"start":{"line":32,"column":20},"end":{"line":32,"column":70}},{"start":{"line":33,"column":20},"end":{"line":33,"column":26}}]},"3":{"line":37,"type":"cond-expr","locations":[{"start":{"line":38,"column":14},"end":{"line":38,"column":20}},{"start":{"line":39,"column":14},"end":{"line":39,"column":20}}]},"4":{"line":41,"type":"binary-expr","locations":[{"start":{"line":41,"column":16},"end":{"line":41,"column":44}},{"start":{"line":41,"column":48},"end":{"line":41,"column":53}}]},"5":{"line":45,"type":"if","locations":[{"start":{"line":45,"column":8},"end":{"line":45,"column":8}},{"start":{"line":45,"column":8},"end":{"line":45,"column":8}}]}},"code":["/* istanbul instrument in package npmtest_svg_injector */","/*jslint","    bitwise: true,","    browser: true,","    maxerr: 8,","    maxlen: 96,","    node: true,","    nomen: true,","    regexp: true,","    stupid: true","*/","(function () {","    'use strict';","    var local;","","","","    // run shared js-env code - pre-init","    (function () {","        // init local","        local = {};","        // init modeJs","        local.modeJs = (function () {","            try {","                return typeof navigator.userAgent === 'string' &&","                    typeof document.querySelector('body') === 'object' &&","                    typeof XMLHttpRequest.prototype.open === 'function' &&","                    'browser';","            } catch (errorCaughtBrowser) {","                return module.exports &&","                    typeof process.versions.node === 'string' &&","                    typeof require('http').createServer === 'function' &&","                    'node';","            }","        }());","        // init global","        local.global = local.modeJs === 'browser'","            ? window","            : global;","        // init utility2_rollup","        local = local.global.utility2_rollup || local;","        // init lib","        local.local = local.npmtest_svg_injector = local;","        // init exports","        if (local.modeJs === 'browser') {","            local.global.utility2_npmtest_svg_injector = local;","        } else {","            module.exports = local;","            module.exports.__dirname = __dirname;","            module.exports.module = module;","        }","    }());","}());",""],"l":{"12":2,"14":2,"19":2,"21":2,"23":2,"24":2,"25":2,"30":1,"37":2,"41":2,"43":2,"45":2,"46":1,"48":1,"49":1,"50":1}},"/home/travis/build/npmtest/node-npmtest-svg-injector/example.js":{"path":"/home/travis/build/npmtest/node-npmtest-svg-injector/example.js","s":{"1":2,"2":2,"3":2,"4":2,"5":2,"6":2,"7":2,"8":1,"9":2,"10":2,"11":2,"12":2,"13":1,"14":2,"15":2,"16":2,"17":2,"18":2,"19":0,"20":2,"21":1,"22":1,"23":1,"24":1,"25":1,"26":0,"27":0,"28":1,"29":1,"30":2,"31":0,"32":0,"33":0,"34":1,"35":2,"36":2,"37":3,"38":3,"39":3,"40":3,"41":0,"42":3,"43":3,"44":3,"45":1,"46":3,"47":1,"48":1,"49":1,"50":1,"51":1,"52":1,"53":1,"54":1,"55":1,"56":1,"57":0,"58":1,"59":6,"60":6,"61":1,"62":2,"63":0,"64":2,"65":1,"66":1,"67":0,"68":0,"69":0,"70":0,"71":0,"72":0,"73":0,"74":0,"75":0,"76":0,"77":0,"78":0,"79":0,"80":0,"81":0,"82":0,"83":0},"b":{"1":[2,1,1,1],"2":[1,1,1,1],"3":[1,1],"4":[2,2],"5":[1,1],"6":[1,1],"7":[2,0],"8":[2,1,1,1,1,1],"9":[0,2,0],"10":[1,1],"11":[2,1,1],"12":[1,0],"13":[0,2],"14":[2,0,0,0,0,0,0],"15":[0,3],"16":[3,0],"17":[1,1],"18":[0,1],"19":[1,2,0,2],"20":[1,0],"21":[1,1],"22":[0,0],"23":[0,0],"24":[0,0],"25":[0,0],"26":[0,0],"27":[0,0],"28":[0,0]},"f":{"1":2,"2":2,"3":2,"4":2,"5":2,"6":2,"7":3,"8":3,"9":3,"10":1,"11":6,"12":0},"fnMap":{"1":{"name":"(anonymous_1)","line":26,"loc":{"start":{"line":26,"column":1},"end":{"line":26,"column":13}}},"2":{"name":"(anonymous_2)","line":33,"loc":{"start":{"line":33,"column":5},"end":{"line":33,"column":17}}},"3":{"name":"(anonymous_3)","line":37,"loc":{"start":{"line":37,"column":24},"end":{"line":37,"column":36}}},"4":{"name":"(anonymous_4)","line":69,"loc":{"start":{"line":69,"column":31},"end":{"line":69,"column":48}},"skip":true},"5":{"name":"(anonymous_5)","line":78,"loc":{"start":{"line":78,"column":26},"end":{"line":78,"column":45}},"skip":true},"6":{"name":"(anonymous_6)","line":123,"loc":{"start":{"line":123,"column":33},"end":{"line":123,"column":48}},"skip":true},"7":{"name":"(anonymous_7)","line":125,"loc":{"start":{"line":125,"column":27},"end":{"line":125,"column":39}},"skip":true},"8":{"name":"(anonymous_8)","line":133,"loc":{"start":{"line":133,"column":59},"end":{"line":133,"column":74}},"skip":true},"9":{"name":"(anonymous_9)","line":143,"loc":{"start":{"line":143,"column":45},"end":{"line":143,"column":62}},"skip":true},"10":{"name":"(anonymous_10)","line":144,"loc":{"start":{"line":144,"column":73},"end":{"line":144,"column":92}},"skip":true},"11":{"name":"(anonymous_11)","line":272,"loc":{"start":{"line":272,"column":51},"end":{"line":272,"column":77}},"skip":true},"12":{"name":"(anonymous_12)","line":315,"loc":{"start":{"line":315,"column":32},"end":{"line":315,"column":61}},"skip":true}},"statementMap":{"1":{"start":{"line":26,"column":0},"end":{"line":326,"column":5}},"2":{"start":{"line":28,"column":4},"end":{"line":28,"column":14}},"3":{"start":{"line":33,"column":4},"end":{"line":60,"column":9}},"4":{"start":{"line":35,"column":8},"end":{"line":35,"column":19}},"5":{"start":{"line":37,"column":8},"end":{"line":49,"column":13}},"6":{"start":{"line":38,"column":12},"end":{"line":48,"column":13}},"7":{"start":{"line":39,"column":16},"end":{"line":42,"column":30}},"8":{"start":{"line":44,"column":16},"end":{"line":47,"column":27}},"9":{"start":{"line":51,"column":8},"end":{"line":53,"column":21}},"10":{"start":{"line":55,"column":8},"end":{"line":57,"column":45}},"11":{"start":{"line":59,"column":8},"end":{"line":59,"column":35}},"12":{"start":{"line":61,"column":4},"end":{"line":325,"column":5}},"13":{"start":{"line":69,"column":8},"end":{"line":121,"column":10},"skip":true},"14":{"start":{"line":70,"column":12},"end":{"line":88,"column":13},"skip":true},"15":{"start":{"line":76,"column":16},"end":{"line":87,"column":19},"skip":true},"16":{"start":{"line":79,"column":20},"end":{"line":86,"column":21},"skip":true},"17":{"start":{"line":82,"column":24},"end":{"line":82,"column":43},"skip":true},"18":{"start":{"line":83,"column":24},"end":{"line":83,"column":30},"skip":true},"19":{"start":{"line":85,"column":24},"end":{"line":85,"column":49},"skip":true},"20":{"start":{"line":89,"column":12},"end":{"line":107,"column":13},"skip":true},"21":{"start":{"line":92,"column":16},"end":{"line":102,"column":17},"skip":true},"22":{"start":{"line":93,"column":20},"end":{"line":93,"column":86},"skip":true},"23":{"start":{"line":94,"column":20},"end":{"line":95,"column":45},"skip":true},"24":{"start":{"line":96,"column":20},"end":{"line":96,"column":42},"skip":true},"25":{"start":{"line":97,"column":20},"end":{"line":97,"column":48},"skip":true},"26":{"start":{"line":100,"column":20},"end":{"line":100,"column":85},"skip":true},"27":{"start":{"line":101,"column":20},"end":{"line":101,"column":96},"skip":true},"28":{"start":{"line":103,"column":16},"end":{"line":103,"column":22},"skip":true},"29":{"start":{"line":106,"column":16},"end":{"line":106,"column":22},"skip":true},"30":{"start":{"line":108,"column":12},"end":{"line":120,"column":13},"skip":true},"31":{"start":{"line":114,"column":16},"end":{"line":119,"column":17},"skip":true},"32":{"start":{"line":116,"column":20},"end":{"line":116,"column":78},"skip":true},"33":{"start":{"line":118,"column":20},"end":{"line":118,"column":47},"skip":true},"34":{"start":{"line":123,"column":8},"end":{"line":141,"column":11},"skip":true},"35":{"start":{"line":124,"column":12},"end":{"line":124,"column":54},"skip":true},"36":{"start":{"line":125,"column":12},"end":{"line":140,"column":14},"skip":true},"37":{"start":{"line":126,"column":16},"end":{"line":126,"column":28},"skip":true},"38":{"start":{"line":127,"column":16},"end":{"line":127,"column":69},"skip":true},"39":{"start":{"line":128,"column":16},"end":{"line":128,"column":75},"skip":true},"40":{"start":{"line":129,"column":16},"end":{"line":131,"column":17},"skip":true},"41":{"start":{"line":130,"column":20},"end":{"line":130,"column":27},"skip":true},"42":{"start":{"line":133,"column":16},"end":{"line":137,"column":36},"skip":true},"43":{"start":{"line":134,"column":20},"end":{"line":136,"column":55},"skip":true},"44":{"start":{"line":139,"column":16},"end":{"line":139,"column":57},"skip":true},"45":{"start":{"line":143,"column":8},"end":{"line":147,"column":11},"skip":true},"46":{"start":{"line":144,"column":12},"end":{"line":146,"column":15},"skip":true},"47":{"start":{"line":145,"column":16},"end":{"line":145,"column":70},"skip":true},"48":{"start":{"line":149,"column":8},"end":{"line":149,"column":31},"skip":true},"49":{"start":{"line":150,"column":8},"end":{"line":150,"column":14},"skip":true},"50":{"start":{"line":158,"column":8},"end":{"line":158,"column":31},"skip":true},"51":{"start":{"line":160,"column":8},"end":{"line":160,"column":33},"skip":true},"52":{"start":{"line":161,"column":8},"end":{"line":161,"column":37},"skip":true},"53":{"start":{"line":162,"column":8},"end":{"line":162,"column":35},"skip":true},"54":{"start":{"line":164,"column":8},"end":{"line":164,"column":50},"skip":true},"55":{"start":{"line":166,"column":8},"end":{"line":256,"column":2},"skip":true},"56":{"start":{"line":258,"column":8},"end":{"line":286,"column":9},"skip":true},"57":{"start":{"line":259,"column":12},"end":{"line":269,"column":14},"skip":true},"58":{"start":{"line":271,"column":12},"end":{"line":285,"column":19},"skip":true},"59":{"start":{"line":274,"column":20},"end":{"line":274,"column":35},"skip":true},"60":{"start":{"line":275,"column":20},"end":{"line":284,"column":21},"skip":true},"61":{"start":{"line":277,"column":24},"end":{"line":277,"column":64},"skip":true},"62":{"start":{"line":279,"column":24},"end":{"line":279,"column":40},"skip":true},"63":{"start":{"line":281,"column":24},"end":{"line":281,"column":40},"skip":true},"64":{"start":{"line":283,"column":24},"end":{"line":283,"column":39},"skip":true},"65":{"start":{"line":288,"column":8},"end":{"line":290,"column":9},"skip":true},"66":{"start":{"line":289,"column":12},"end":{"line":289,"column":18},"skip":true},"67":{"start":{"line":291,"column":8},"end":{"line":293,"column":54},"skip":true},"68":{"start":{"line":296,"column":8},"end":{"line":301,"column":37},"skip":true},"69":{"start":{"line":303,"column":8},"end":{"line":303,"column":82},"skip":true},"70":{"start":{"line":306,"column":8},"end":{"line":308,"column":9},"skip":true},"71":{"start":{"line":307,"column":12},"end":{"line":307,"column":82},"skip":true},"72":{"start":{"line":310,"column":8},"end":{"line":312,"column":9},"skip":true},"73":{"start":{"line":311,"column":12},"end":{"line":311,"column":18},"skip":true},"74":{"start":{"line":313,"column":8},"end":{"line":313,"column":54},"skip":true},"75":{"start":{"line":314,"column":8},"end":{"line":314,"column":69},"skip":true},"76":{"start":{"line":315,"column":8},"end":{"line":323,"column":36},"skip":true},"77":{"start":{"line":316,"column":12},"end":{"line":316,"column":61},"skip":true},"78":{"start":{"line":317,"column":12},"end":{"line":320,"column":13},"skip":true},"79":{"start":{"line":318,"column":16},"end":{"line":318,"column":75},"skip":true},"80":{"start":{"line":319,"column":16},"end":{"line":319,"column":23},"skip":true},"81":{"start":{"line":321,"column":12},"end":{"line":321,"column":38},"skip":true},"82":{"start":{"line":322,"column":12},"end":{"line":322,"column":27},"skip":true},"83":{"start":{"line":324,"column":8},"end":{"line":324,"column":14},"skip":true}},"branchMap":{"1":{"line":39,"type":"binary-expr","locations":[{"start":{"line":39,"column":23},"end":{"line":39,"column":62}},{"start":{"line":40,"column":20},"end":{"line":40,"column":70}},{"start":{"line":41,"column":20},"end":{"line":41,"column":71}},{"start":{"line":42,"column":20},"end":{"line":42,"column":29}}]},"2":{"line":44,"type":"binary-expr","locations":[{"start":{"line":44,"column":23},"end":{"line":44,"column":37}},{"start":{"line":45,"column":20},"end":{"line":45,"column":61}},{"start":{"line":46,"column":20},"end":{"line":46,"column":70}},{"start":{"line":47,"column":20},"end":{"line":47,"column":26}}]},"3":{"line":51,"type":"cond-expr","locations":[{"start":{"line":52,"column":14},"end":{"line":52,"column":20}},{"start":{"line":53,"column":14},"end":{"line":53,"column":20}}]},"4":{"line":55,"type":"binary-expr","locations":[{"start":{"line":55,"column":16},"end":{"line":55,"column":44}},{"start":{"line":55,"column":49},"end":{"line":57,"column":43}}]},"5":{"line":55,"type":"cond-expr","locations":[{"start":{"line":56,"column":14},"end":{"line":56,"column":56}},{"start":{"line":57,"column":14},"end":{"line":57,"column":43}}]},"6":{"line":61,"type":"switch","locations":[{"start":{"line":68,"column":4},"end":{"line":150,"column":14},"skip":true},{"start":{"line":156,"column":4},"end":{"line":324,"column":14},"skip":true}]},"7":{"line":70,"type":"if","locations":[{"start":{"line":70,"column":12},"end":{"line":70,"column":12},"skip":true},{"start":{"line":70,"column":12},"end":{"line":70,"column":12},"skip":true}]},"8":{"line":70,"type":"binary-expr","locations":[{"start":{"line":70,"column":16},"end":{"line":70,"column":22},"skip":true},{"start":{"line":70,"column":27},"end":{"line":70,"column":32},"skip":true},{"start":{"line":71,"column":20},"end":{"line":71,"column":39},"skip":true},{"start":{"line":72,"column":20},"end":{"line":72,"column":49},"skip":true},{"start":{"line":73,"column":20},"end":{"line":73,"column":58},"skip":true},{"start":{"line":74,"column":20},"end":{"line":74,"column":69},"skip":true}]},"9":{"line":79,"type":"switch","locations":[{"start":{"line":80,"column":20},"end":{"line":80,"column":33},"skip":true},{"start":{"line":81,"column":20},"end":{"line":83,"column":30},"skip":true},{"start":{"line":84,"column":20},"end":{"line":85,"column":49},"skip":true}]},"10":{"line":89,"type":"switch","locations":[{"start":{"line":90,"column":12},"end":{"line":103,"column":22},"skip":true},{"start":{"line":105,"column":12},"end":{"line":106,"column":22},"skip":true}]},"11":{"line":89,"type":"binary-expr","locations":[{"start":{"line":89,"column":20},"end":{"line":89,"column":25},"skip":true},{"start":{"line":89,"column":29},"end":{"line":89,"column":48},"skip":true},{"start":{"line":89,"column":52},"end":{"line":89,"column":74},"skip":true}]},"12":{"line":92,"type":"if","locations":[{"start":{"line":92,"column":16},"end":{"line":92,"column":16},"skip":true},{"start":{"line":92,"column":16},"end":{"line":92,"column":16},"skip":true}]},"13":{"line":108,"type":"if","locations":[{"start":{"line":108,"column":12},"end":{"line":108,"column":12},"skip":true},{"start":{"line":108,"column":12},"end":{"line":108,"column":12},"skip":true}]},"14":{"line":108,"type":"binary-expr","locations":[{"start":{"line":108,"column":16},"end":{"line":108,"column":61},"skip":true},{"start":{"line":108,"column":66},"end":{"line":108,"column":72},"skip":true},{"start":{"line":108,"column":77},"end":{"line":108,"column":82},"skip":true},{"start":{"line":109,"column":20},"end":{"line":109,"column":39},"skip":true},{"start":{"line":110,"column":20},"end":{"line":110,"column":49},"skip":true},{"start":{"line":111,"column":20},"end":{"line":111,"column":58},"skip":true},{"start":{"line":112,"column":20},"end":{"line":112,"column":68},"skip":true}]},"15":{"line":129,"type":"if","locations":[{"start":{"line":129,"column":16},"end":{"line":129,"column":16},"skip":true},{"start":{"line":129,"column":16},"end":{"line":129,"column":16},"skip":true}]},"16":{"line":134,"type":"cond-expr","locations":[{"start":{"line":135,"column":26},"end":{"line":135,"column":29},"skip":true},{"start":{"line":136,"column":26},"end":{"line":136,"column":54},"skip":true}]},"17":{"line":164,"type":"binary-expr","locations":[{"start":{"line":164,"column":27},"end":{"line":164,"column":43},"skip":true},{"start":{"line":164,"column":47},"end":{"line":164,"column":49},"skip":true}]},"18":{"line":258,"type":"if","locations":[{"start":{"line":258,"column":8},"end":{"line":258,"column":8},"skip":true},{"start":{"line":258,"column":8},"end":{"line":258,"column":8},"skip":true}]},"19":{"line":275,"type":"switch","locations":[{"start":{"line":276,"column":20},"end":{"line":277,"column":64},"skip":true},{"start":{"line":278,"column":20},"end":{"line":279,"column":40},"skip":true},{"start":{"line":280,"column":20},"end":{"line":281,"column":40},"skip":true},{"start":{"line":282,"column":20},"end":{"line":283,"column":39},"skip":true}]},"20":{"line":288,"type":"if","locations":[{"start":{"line":288,"column":8},"end":{"line":288,"column":8},"skip":true},{"start":{"line":288,"column":8},"end":{"line":288,"column":8},"skip":true}]},"21":{"line":288,"type":"binary-expr","locations":[{"start":{"line":288,"column":12},"end":{"line":288,"column":40},"skip":true},{"start":{"line":288,"column":44},"end":{"line":288,"column":67},"skip":true}]},"22":{"line":292,"type":"binary-expr","locations":[{"start":{"line":292,"column":12},"end":{"line":292,"column":50},"skip":true},{"start":{"line":293,"column":12},"end":{"line":293,"column":53},"skip":true}]},"23":{"line":297,"type":"binary-expr","locations":[{"start":{"line":297,"column":12},"end":{"line":297,"column":70},"skip":true},{"start":{"line":298,"column":12},"end":{"line":301,"column":36},"skip":true}]},"24":{"line":303,"type":"binary-expr","locations":[{"start":{"line":303,"column":43},"end":{"line":303,"column":75},"skip":true},{"start":{"line":303,"column":79},"end":{"line":303,"column":81},"skip":true}]},"25":{"line":306,"type":"if","locations":[{"start":{"line":306,"column":8},"end":{"line":306,"column":8},"skip":true},{"start":{"line":306,"column":8},"end":{"line":306,"column":8},"skip":true}]},"26":{"line":310,"type":"if","locations":[{"start":{"line":310,"column":8},"end":{"line":310,"column":8},"skip":true},{"start":{"line":310,"column":8},"end":{"line":310,"column":8},"skip":true}]},"27":{"line":313,"type":"binary-expr","locations":[{"start":{"line":313,"column":27},"end":{"line":313,"column":43},"skip":true},{"start":{"line":313,"column":47},"end":{"line":313,"column":53},"skip":true}]},"28":{"line":317,"type":"if","locations":[{"start":{"line":317,"column":12},"end":{"line":317,"column":12},"skip":true},{"start":{"line":317,"column":12},"end":{"line":317,"column":12},"skip":true}]}},"code":["/*","example.js","","quickstart example","","instruction","    1. save this script as example.js","    2. run the shell command:","        $ npm install npmtest-svg-injector && PORT=8081 node example.js","    3. play with the browser-demo on http://127.0.0.1:8081","*/","","","","/* istanbul instrument in package npmtest_svg_injector */","/*jslint","    bitwise: true,","    browser: true,","    maxerr: 8,","    maxlen: 96,","    node: true,","    nomen: true,","    regexp: true,","    stupid: true","*/","(function () {","    'use strict';","    var local;","","","","    // run shared js-env code - pre-init","    (function () {","        // init local","        local = {};","        // init modeJs","        local.modeJs = (function () {","            try {","                return typeof navigator.userAgent === 'string' &&","                    typeof document.querySelector('body') === 'object' &&","                    typeof XMLHttpRequest.prototype.open === 'function' &&","                    'browser';","            } catch (errorCaughtBrowser) {","                return module.exports &&","                    typeof process.versions.node === 'string' &&","                    typeof require('http').createServer === 'function' &&","                    'node';","            }","        }());","        // init global","        local.global = local.modeJs === 'browser'","            ? window","            : global;","        // init utility2_rollup","        local = local.global.utility2_rollup || (local.modeJs === 'browser'","            ? local.global.utility2_npmtest_svg_injector","            : global.utility2_moduleExports);","        // export local","        local.global.local = local;","    }());","    switch (local.modeJs) {","","","","    // post-init","    // run browser js-env code - post-init","    /* istanbul ignore next */","    case 'browser':","        local.testRunBrowser = function (event) {","            if (!event || (event &&","                    event.currentTarget &&","                    event.currentTarget.className &&","                    event.currentTarget.className.includes &&","                    event.currentTarget.className.includes('onreset'))) {","                // reset output","                Array.from(","                    document.querySelectorAll('body > .resettable')","                ).forEach(function (element) {","                    switch (element.tagName) {","                    case 'INPUT':","                    case 'TEXTAREA':","                        element.value = '';","                        break;","                    default:","                        element.textContent = '';","                    }","                });","            }","            switch (event && event.currentTarget && event.currentTarget.id) {","            case 'testRunButton1':","                // show tests","                if (document.querySelector('#testReportDiv1').style.display === 'none') {","                    document.querySelector('#testReportDiv1').style.display = 'block';","                    document.querySelector('#testRunButton1').textContent =","                        'hide internal test';","                    local.modeTest = true;","                    local.testRunDefault(local);","                // hide tests","                } else {","                    document.querySelector('#testReportDiv1').style.display = 'none';","                    document.querySelector('#testRunButton1').textContent = 'run internal test';","                }","                break;","            // custom-case","            default:","                break;","            }","            if (document.querySelector('#inputTextareaEval1') && (!event || (event &&","                    event.currentTarget &&","                    event.currentTarget.className &&","                    event.currentTarget.className.includes &&","                    event.currentTarget.className.includes('oneval')))) {","                // try to eval input-code","                try {","                    /*jslint evil: true*/","                    eval(document.querySelector('#inputTextareaEval1').value);","                } catch (errorCaught) {","                    console.error(errorCaught);","                }","            }","        };","        // log stderr and stdout to #outputTextareaStdout1","        ['error', 'log'].forEach(function (key) {","            console[key + '_original'] = console[key];","            console[key] = function () {","                var element;","                console[key + '_original'].apply(console, arguments);","                element = document.querySelector('#outputTextareaStdout1');","                if (!element) {","                    return;","                }","                // append text to #outputTextareaStdout1","                element.value += Array.from(arguments).map(function (arg) {","                    return typeof arg === 'string'","                        ? arg","                        : JSON.stringify(arg, null, 4);","                }).join(' ') + '\\n';","                // scroll textarea to bottom","                element.scrollTop = element.scrollHeight;","            };","        });","        // init event-handling","        ['change', 'click', 'keyup'].forEach(function (event) {","            Array.from(document.querySelectorAll('.on' + event)).forEach(function (element) {","                element.addEventListener(event, local.testRunBrowser);","            });","        });","        // run tests","        local.testRunBrowser();","        break;","","","","    // run node js-env code - post-init","    /* istanbul ignore next */","    case 'node':","        // export local","        module.exports = local;","        // require modules","        local.fs = require('fs');","        local.http = require('http');","        local.url = require('url');","        // init assets","        local.assetsDict = local.assetsDict || {};","        /* jslint-ignore-begin */","        local.assetsDict['/assets.index.template.html'] = '\\","<!doctype html>\\n\\","<html lang=\"en\">\\n\\","<head>\\n\\","<meta charset=\"UTF-8\">\\n\\","<meta name=\"viewport\" content=\"width=device-width, initial-scale=1\">\\n\\","<title>{{env.npm_package_name}} (v{{env.npm_package_version}})</title>\\n\\","<style>\\n\\","/*csslint\\n\\","    box-sizing: false,\\n\\","    universal-selector: false\\n\\","*/\\n\\","* {\\n\\","    box-sizing: border-box;\\n\\","}\\n\\","body {\\n\\","    background: #dde;\\n\\","    font-family: Arial, Helvetica, sans-serif;\\n\\","    margin: 2rem;\\n\\","}\\n\\","body > * {\\n\\","    margin-bottom: 1rem;\\n\\","}\\n\\",".utility2FooterDiv {\\n\\","    margin-top: 20px;\\n\\","    text-align: center;\\n\\","}\\n\\","</style>\\n\\","<style>\\n\\","/*csslint\\n\\","*/\\n\\","textarea {\\n\\","    font-family: monospace;\\n\\","    height: 10rem;\\n\\","    width: 100%;\\n\\","}\\n\\","textarea[readonly] {\\n\\","    background: #ddd;\\n\\","}\\n\\","</style>\\n\\","</head>\\n\\","<body>\\n\\","<!-- utility2-comment\\n\\","<div id=\"ajaxProgressDiv1\" style=\"background: #d00; height: 2px; left: 0; margin: 0; padding: 0; position: fixed; top: 0; transition: background 0.5s, width 1.5s; width: 25%;\"></div>\\n\\","utility2-comment -->\\n\\","<h1>\\n\\","<!-- utility2-comment\\n\\","    <a\\n\\","        {{#if env.npm_package_homepage}}\\n\\","        href=\"{{env.npm_package_homepage}}\"\\n\\","        {{/if env.npm_package_homepage}}\\n\\","        target=\"_blank\"\\n\\","    >\\n\\","utility2-comment -->\\n\\","        {{env.npm_package_name}} (v{{env.npm_package_version}})\\n\\","<!-- utility2-comment\\n\\","    </a>\\n\\","utility2-comment -->\\n\\","</h1>\\n\\","<h3>{{env.npm_package_description}}</h3>\\n\\","<!-- utility2-comment\\n\\","<h4><a download href=\"assets.app.js\">download standalone app</a></h4>\\n\\","<button class=\"onclick onreset\" id=\"testRunButton1\">run internal test</button><br>\\n\\","<div id=\"testReportDiv1\" style=\"display: none;\"></div>\\n\\","utility2-comment -->\\n\\","\\n\\","\\n\\","\\n\\","<label>stderr and stdout</label>\\n\\","<textarea class=\"resettable\" id=\"outputTextareaStdout1\" readonly></textarea>\\n\\","<!-- utility2-comment\\n\\","{{#if isRollup}}\\n\\","<script src=\"assets.app.js\"></script>\\n\\","{{#unless isRollup}}\\n\\","utility2-comment -->\\n\\","<script src=\"assets.utility2.rollup.js\"></script>\\n\\","<script src=\"jsonp.utility2._stateInit?callback=window.utility2._stateInit\"></script>\\n\\","<script src=\"assets.npmtest_svg_injector.rollup.js\"></script>\\n\\","<script src=\"assets.example.js\"></script>\\n\\","<script src=\"assets.test.js\"></script>\\n\\","<!-- utility2-comment\\n\\","{{/if isRollup}}\\n\\","utility2-comment -->\\n\\","<div class=\"utility2FooterDiv\">\\n\\","    [ this app was created with\\n\\","    <a href=\"https://github.com/kaizhu256/node-utility2\" target=\"_blank\">utility2</a>\\n\\","    ]\\n\\","</div>\\n\\","</body>\\n\\","</html>\\n\\","';","        /* jslint-ignore-end */","        if (local.templateRender) {","            local.assetsDict['/'] = local.templateRender(","                local.assetsDict['/assets.index.template.html'],","                {","                    env: local.objectSetDefault(local.env, {","                        npm_package_description: 'the greatest app in the world!',","                        npm_package_name: 'my-app',","                        npm_package_nameAlias: 'my_app',","                        npm_package_version: '0.0.1'","                    })","                }","            );","        } else {","            local.assetsDict['/'] = local.assetsDict['/assets.index.template.html']","                .replace((/\\{\\{env\\.(\\w+?)\\}\\}/g), function (match0, match1) {","                    // jslint-hack","                    String(match0);","                    switch (match1) {","                    case 'npm_package_description':","                        return 'the greatest app in the world!';","                    case 'npm_package_name':","                        return 'my-app';","                    case 'npm_package_nameAlias':","                        return 'my_app';","                    case 'npm_package_version':","                        return '0.0.1';","                    }","                });","        }","        // run the cli","        if (local.global.utility2_rollup || module !== require.main) {","            break;","        }","        local.assetsDict['/assets.example.js'] =","            local.assetsDict['/assets.example.js'] ||","            local.fs.readFileSync(__filename, 'utf8');","        // bug-workaround - long $npm_package_buildCustomOrg","        /* jslint-ignore-begin */","        local.assetsDict['/assets.npmtest_svg_injector.rollup.js'] =","            local.assetsDict['/assets.npmtest_svg_injector.rollup.js'] ||","            local.fs.readFileSync(","                local.npmtest_svg_injector.__dirname + '/lib.npmtest_svg_injector.js',","                'utf8'","            ).replace((/^#!/), '//');","        /* jslint-ignore-end */","        local.assetsDict['/favicon.ico'] = local.assetsDict['/favicon.ico'] || '';","        // if $npm_config_timeout_exit exists,","        // then exit this process after $npm_config_timeout_exit ms","        if (Number(process.env.npm_config_timeout_exit)) {","            setTimeout(process.exit, Number(process.env.npm_config_timeout_exit));","        }","        // start server","        if (local.global.utility2_serverHttp1) {","            break;","        }","        process.env.PORT = process.env.PORT || '8081';","        console.error('server starting on port ' + process.env.PORT);","        local.http.createServer(function (request, response) {","            request.urlParsed = local.url.parse(request.url);","            if (local.assetsDict[request.urlParsed.pathname] !== undefined) {","                response.end(local.assetsDict[request.urlParsed.pathname]);","                return;","            }","            response.statusCode = 404;","            response.end();","        }).listen(process.env.PORT);","        break;","    }","}());",""],"l":{"26":2,"28":2,"33":2,"35":2,"37":2,"38":2,"39":2,"44":1,"51":2,"55":2,"59":2,"61":2,"69":1,"70":2,"76":2,"79":2,"82":2,"83":2,"85":1,"89":2,"92":1,"93":1,"94":1,"96":1,"97":1,"100":1,"101":1,"103":1,"106":1,"108":2,"114":1,"116":1,"118":1,"123":1,"124":2,"125":2,"126":3,"127":3,"128":3,"129":3,"130":1,"133":3,"134":3,"139":3,"143":1,"144":3,"145":1,"149":1,"150":1,"158":1,"160":1,"161":1,"162":1,"164":1,"166":1,"258":1,"259":1,"271":1,"274":6,"275":6,"277":1,"279":2,"281":1,"283":2,"288":1,"289":1,"291":1,"296":1,"303":1,"306":1,"307":1,"310":1,"311":1,"313":1,"314":1,"315":1,"316":1,"317":1,"318":1,"319":1,"321":1,"322":1,"324":1}},"/home/travis/build/npmtest/node-npmtest-svg-injector/node_modules/svg-injector/svg-injector.js":{"path":"/home/travis/build/npmtest/node-npmtest-svg-injector/node_modules/svg-injector/svg-injector.js","s":{"1":2,"2":0,"3":0,"4":1,"5":0,"6":0,"7":0,"8":0,"9":0,"10":0,"11":0,"12":0,"13":0,"14":0,"15":0,"16":0,"17":0,"18":0,"19":0,"20":0,"21":0,"22":0,"23":0,"24":0,"25":0,"26":0,"27":0,"28":0,"29":0,"30":0,"31":0,"32":0,"33":0,"34":0,"35":0,"36":0,"37":0,"38":0,"39":0,"40":0,"41":0,"42":0,"43":0,"44":0,"45":0,"46":0,"47":0,"48":0,"49":0,"50":0,"51":0,"52":0,"53":0,"54":0,"55":0,"56":0,"57":0,"58":0,"59":0,"60":0,"61":0,"62":0,"63":0,"64":0,"65":0,"66":0,"67":0,"68":0,"69":0,"70":0,"71":0,"72":0,"73":0,"74":0,"75":0,"76":0,"77":0,"78":0,"79":0,"80":0,"81":0,"82":0,"83":0,"84":0,"85":0,"86":0,"87":0,"88":0,"89":0,"90":0,"91":0,"92":0,"93":0,"94":0,"95":0,"96":0,"97":0,"98":0,"99":0,"100":0,"101":0,"102":0,"103":0,"104":0,"105":0,"106":0,"107":0,"108":0,"109":0,"110":0,"111":0,"112":0,"113":0,"114":0,"115":0,"116":0,"117":0,"118":0,"119":0,"120":0,"121":0,"122":0,"123":0,"124":0,"125":0,"126":0,"127":0,"128":0,"129":0,"130":0,"131":0,"132":0,"133":0,"134":0,"135":0,"136":0,"137":0,"138":0,"139":0,"140":0,"141":0,"142":0,"143":0,"144":0,"145":0,"146":0,"147":0,"148":0,"149":0,"150":0,"151":0,"152":0,"153":0,"154":0,"155":0,"156":0,"157":0,"158":0,"159":0,"160":0,"161":0,"162":0,"163":0,"164":0,"165":0,"166":0,"167":0,"168":0,"169":0,"170":0,"171":0,"172":0,"173":0,"174":0,"175":0,"176":0,"177":0,"178":0,"179":0},"b":{"1":[0,0],"2":[0,0],"3":[0,0],"4":[0,0,0],"5":[0,0],"6":[0,0],"7":[0,0],"8":[0,0],"9":[0,0],"10":[0,0],"11":[0,0],"12":[0,0],"13":[0,0],"14":[0,0],"15":[0,0,0],"16":[0,0],"17":[0,0],"18":[0,0],"19":[0,0],"20":[0,0],"21":[0,0],"22":[0,0],"23":[0,0],"24":[0,0],"25":[0,0],"26":[0,0],"27":[0,0],"28":[0,0],"29":[0,0],"30":[0,0],"31":[0,0],"32":[0,0],"33":[0,0],"34":[0,0],"35":[0,0],"36":[0,0],"37":[0,0],"38":[0,0],"39":[0,0,0],"40":[0,0],"41":[0,0],"42":[0,0,0,0],"43":[0,0],"44":[0,0],"45":[0,0],"46":[0,0],"47":[0,0],"48":[0,0],"49":[0,0],"50":[0,0],"51":[0,0],"52":[0,0],"53":[0,0],"54":[0,0],"55":[0,0],"56":[0,0],"57":[0,0],"58":[0,0],"59":[0,0],"60":[0,0]},"f":{"1":0,"2":0,"3":0,"4":0,"5":0,"6":0,"7":0,"8":0,"9":0,"10":0,"11":0,"12":0,"13":0,"14":0,"15":0,"16":0,"17":0,"18":0,"19":0,"20":0,"21":0,"22":0},"fnMap":{"1":{"name":"(anonymous_1)","line":9,"loc":{"start":{"line":9,"column":1},"end":{"line":9,"column":29}}},"2":{"name":"uniqueClasses","line":17,"loc":{"start":{"line":17,"column":2},"end":{"line":17,"column":31}}},"3":{"name":"(anonymous_3)","line":38,"loc":{"start":{"line":38,"column":43},"end":{"line":38,"column":64}}},"4":{"name":"(anonymous_4)","line":66,"loc":{"start":{"line":66,"column":17},"end":{"line":66,"column":38}}},"5":{"name":"(anonymous_5)","line":70,"loc":{"start":{"line":70,"column":21},"end":{"line":70,"column":46}}},"6":{"name":"(anonymous_6)","line":75,"loc":{"start":{"line":75,"column":28},"end":{"line":75,"column":43}}},"7":{"name":"(anonymous_7)","line":79,"loc":{"start":{"line":79,"column":7},"end":{"line":79,"column":24}}},"8":{"name":"(anonymous_8)","line":80,"loc":{"start":{"line":80,"column":19},"end":{"line":80,"column":31}}},"9":{"name":"(anonymous_9)","line":88,"loc":{"start":{"line":88,"column":16},"end":{"line":88,"column":41}}},"10":{"name":"(anonymous_10)","line":112,"loc":{"start":{"line":112,"column":39},"end":{"line":112,"column":51}}},"11":{"name":"(anonymous_11)","line":184,"loc":{"start":{"line":184,"column":22},"end":{"line":184,"column":72}}},"12":{"name":"(anonymous_12)","line":235,"loc":{"start":{"line":235,"column":20},"end":{"line":235,"column":35}}},"13":{"name":"(anonymous_13)","line":262,"loc":{"start":{"line":262,"column":50},"end":{"line":262,"column":64}}},"14":{"name":"(anonymous_14)","line":265,"loc":{"start":{"line":265,"column":28},"end":{"line":265,"column":48}}},"15":{"name":"(anonymous_15)","line":297,"loc":{"start":{"line":297,"column":52},"end":{"line":297,"column":67}}},"16":{"name":"(anonymous_16)","line":308,"loc":{"start":{"line":308,"column":35},"end":{"line":308,"column":55}}},"17":{"name":"(anonymous_17)","line":372,"loc":{"start":{"line":372,"column":30},"end":{"line":372,"column":50}}},"18":{"name":"(anonymous_18)","line":406,"loc":{"start":{"line":406,"column":20},"end":{"line":406,"column":55}}},"19":{"name":"(anonymous_19)","line":426,"loc":{"start":{"line":426,"column":29},"end":{"line":426,"column":48}}},"20":{"name":"(anonymous_20)","line":427,"loc":{"start":{"line":427,"column":57},"end":{"line":427,"column":72}}},"21":{"name":"(anonymous_21)","line":435,"loc":{"start":{"line":435,"column":58},"end":{"line":435,"column":73}}},"22":{"name":"(anonymous_22)","line":454,"loc":{"start":{"line":454,"column":11},"end":{"line":454,"column":23}}}},"statementMap":{"1":{"start":{"line":9,"column":0},"end":{"line":464,"column":21}},"2":{"start":{"line":14,"column":2},"end":{"line":14,"column":53}},"3":{"start":{"line":15,"column":2},"end":{"line":15,"column":117}},"4":{"start":{"line":17,"column":2},"end":{"line":32,"column":3}},"5":{"start":{"line":18,"column":4},"end":{"line":18,"column":27}},"6":{"start":{"line":20,"column":4},"end":{"line":20,"column":18}},"7":{"start":{"line":21,"column":4},"end":{"line":21,"column":24}},"8":{"start":{"line":22,"column":4},"end":{"line":22,"column":17}},"9":{"start":{"line":24,"column":4},"end":{"line":29,"column":5}},"10":{"start":{"line":25,"column":6},"end":{"line":28,"column":7}},"11":{"start":{"line":26,"column":8},"end":{"line":26,"column":26}},"12":{"start":{"line":27,"column":8},"end":{"line":27,"column":29}},"13":{"start":{"line":31,"column":4},"end":{"line":31,"column":25}},"14":{"start":{"line":38,"column":2},"end":{"line":52,"column":4}},"15":{"start":{"line":39,"column":4},"end":{"line":41,"column":5}},"16":{"start":{"line":40,"column":6},"end":{"line":40,"column":28}},"17":{"start":{"line":44,"column":4},"end":{"line":44,"column":35}},"18":{"start":{"line":47,"column":4},"end":{"line":51,"column":5}},"19":{"start":{"line":48,"column":6},"end":{"line":50,"column":7}},"20":{"start":{"line":49,"column":8},"end":{"line":49,"column":41}},"21":{"start":{"line":55,"column":2},"end":{"line":55,"column":20}},"22":{"start":{"line":57,"column":2},"end":{"line":57,"column":22}},"23":{"start":{"line":58,"column":2},"end":{"line":58,"column":28}},"24":{"start":{"line":61,"column":2},"end":{"line":61,"column":24}},"25":{"start":{"line":64,"column":2},"end":{"line":64,"column":22}},"26":{"start":{"line":66,"column":2},"end":{"line":68,"column":4}},"27":{"start":{"line":67,"column":4},"end":{"line":67,"column":37}},"28":{"start":{"line":70,"column":2},"end":{"line":73,"column":4}},"29":{"start":{"line":71,"column":4},"end":{"line":71,"column":48}},"30":{"start":{"line":72,"column":4},"end":{"line":72,"column":37}},"31":{"start":{"line":75,"column":2},"end":{"line":86,"column":4}},"32":{"start":{"line":76,"column":4},"end":{"line":85,"column":5}},"33":{"start":{"line":79,"column":6},"end":{"line":83,"column":12}},"34":{"start":{"line":80,"column":8},"end":{"line":82,"column":14}},"35":{"start":{"line":81,"column":10},"end":{"line":81,"column":60}},"36":{"start":{"line":88,"column":2},"end":{"line":181,"column":4}},"37":{"start":{"line":89,"column":4},"end":{"line":180,"column":5}},"38":{"start":{"line":90,"column":6},"end":{"line":97,"column":7}},"39":{"start":{"line":92,"column":8},"end":{"line":92,"column":42}},"40":{"start":{"line":96,"column":8},"end":{"line":96,"column":36}},"41":{"start":{"line":101,"column":6},"end":{"line":104,"column":7}},"42":{"start":{"line":102,"column":8},"end":{"line":102,"column":60}},"43":{"start":{"line":103,"column":8},"end":{"line":103,"column":21}},"44":{"start":{"line":107,"column":6},"end":{"line":107,"column":25}},"45":{"start":{"line":108,"column":6},"end":{"line":108,"column":34}},"46":{"start":{"line":110,"column":6},"end":{"line":110,"column":45}},"47":{"start":{"line":112,"column":6},"end":{"line":171,"column":8}},"48":{"start":{"line":114,"column":8},"end":{"line":170,"column":9}},"49":{"start":{"line":117,"column":10},"end":{"line":124,"column":11}},"50":{"start":{"line":118,"column":12},"end":{"line":118,"column":56}},"51":{"start":{"line":120,"column":12},"end":{"line":120,"column":177}},"52":{"start":{"line":120,"column":25},"end":{"line":120,"column":177}},"53":{"start":{"line":122,"column":12},"end":{"line":122,"column":23}},"54":{"start":{"line":123,"column":12},"end":{"line":123,"column":25}},"55":{"start":{"line":127,"column":10},"end":{"line":169,"column":11}},"56":{"start":{"line":130,"column":12},"end":{"line":161,"column":13}},"57":{"start":{"line":132,"column":14},"end":{"line":132,"column":70}},"58":{"start":{"line":143,"column":17},"end":{"line":161,"column":13}},"59":{"start":{"line":144,"column":14},"end":{"line":144,"column":25}},"60":{"start":{"line":145,"column":14},"end":{"line":151,"column":15}},"61":{"start":{"line":146,"column":16},"end":{"line":146,"column":45}},"62":{"start":{"line":147,"column":16},"end":{"line":147,"column":86}},"63":{"start":{"line":150,"column":16},"end":{"line":150,"column":35}},"64":{"start":{"line":153,"column":14},"end":{"line":160,"column":15}},"65":{"start":{"line":154,"column":16},"end":{"line":154,"column":61}},"66":{"start":{"line":155,"column":16},"end":{"line":155,"column":29}},"67":{"start":{"line":159,"column":16},"end":{"line":159,"column":55}},"68":{"start":{"line":164,"column":12},"end":{"line":164,"column":37}},"69":{"start":{"line":167,"column":12},"end":{"line":167,"column":116}},"70":{"start":{"line":168,"column":12},"end":{"line":168,"column":25}},"71":{"start":{"line":173,"column":6},"end":{"line":173,"column":35}},"72":{"start":{"line":177,"column":6},"end":{"line":177,"column":81}},"73":{"start":{"line":177,"column":40},"end":{"line":177,"column":81}},"74":{"start":{"line":179,"column":6},"end":{"line":179,"column":25}},"75":{"start":{"line":184,"column":2},"end":{"line":389,"column":4}},"76":{"start":{"line":187,"column":4},"end":{"line":187,"column":71}},"77":{"start":{"line":190,"column":4},"end":{"line":193,"column":5}},"78":{"start":{"line":191,"column":6},"end":{"line":191,"column":81}},"79":{"start":{"line":192,"column":6},"end":{"line":192,"column":13}},"80":{"start":{"line":198,"column":4},"end":{"line":217,"column":5}},"81":{"start":{"line":199,"column":6},"end":{"line":199,"column":95}},"82":{"start":{"line":202,"column":6},"end":{"line":214,"column":7}},"83":{"start":{"line":203,"column":8},"end":{"line":203,"column":51}},"84":{"start":{"line":204,"column":8},"end":{"line":204,"column":23}},"85":{"start":{"line":207,"column":11},"end":{"line":214,"column":7}},"86":{"start":{"line":208,"column":8},"end":{"line":208,"column":100}},"87":{"start":{"line":209,"column":8},"end":{"line":209,"column":23}},"88":{"start":{"line":213,"column":8},"end":{"line":213,"column":87}},"89":{"start":{"line":216,"column":6},"end":{"line":216,"column":13}},"90":{"start":{"line":223,"column":4},"end":{"line":225,"column":5}},"91":{"start":{"line":224,"column":6},"end":{"line":224,"column":13}},"92":{"start":{"line":229,"column":4},"end":{"line":229,"column":30}},"93":{"start":{"line":232,"column":4},"end":{"line":232,"column":31}},"94":{"start":{"line":235,"column":4},"end":{"line":388,"column":7}},"95":{"start":{"line":237,"column":6},"end":{"line":240,"column":7}},"96":{"start":{"line":238,"column":8},"end":{"line":238,"column":22}},"97":{"start":{"line":239,"column":8},"end":{"line":239,"column":21}},"98":{"start":{"line":242,"column":6},"end":{"line":242,"column":40}},"99":{"start":{"line":243,"column":6},"end":{"line":245,"column":7}},"100":{"start":{"line":244,"column":8},"end":{"line":244,"column":38}},"101":{"start":{"line":247,"column":6},"end":{"line":247,"column":46}},"102":{"start":{"line":248,"column":6},"end":{"line":250,"column":7}},"103":{"start":{"line":249,"column":8},"end":{"line":249,"column":44}},"104":{"start":{"line":253,"column":6},"end":{"line":253,"column":124}},"105":{"start":{"line":254,"column":6},"end":{"line":254,"column":59}},"106":{"start":{"line":256,"column":6},"end":{"line":256,"column":46}},"107":{"start":{"line":257,"column":6},"end":{"line":259,"column":7}},"108":{"start":{"line":258,"column":8},"end":{"line":258,"column":44}},"109":{"start":{"line":262,"column":6},"end":{"line":264,"column":9}},"110":{"start":{"line":263,"column":8},"end":{"line":263,"column":50}},"111":{"start":{"line":265,"column":6},"end":{"line":269,"column":9}},"112":{"start":{"line":266,"column":8},"end":{"line":268,"column":9}},"113":{"start":{"line":267,"column":10},"end":{"line":267,"column":58}},"114":{"start":{"line":284,"column":6},"end":{"line":294,"column":8}},"115":{"start":{"line":296,"column":6},"end":{"line":296,"column":61}},"116":{"start":{"line":297,"column":6},"end":{"line":318,"column":9}},"117":{"start":{"line":298,"column":8},"end":{"line":298,"column":22}},"118":{"start":{"line":299,"column":8},"end":{"line":299,"column":51}},"119":{"start":{"line":301,"column":8},"end":{"line":301,"column":71}},"120":{"start":{"line":302,"column":8},"end":{"line":317,"column":9}},"121":{"start":{"line":303,"column":10},"end":{"line":303,"column":40}},"122":{"start":{"line":304,"column":10},"end":{"line":304,"column":48}},"123":{"start":{"line":307,"column":10},"end":{"line":307,"column":34}},"124":{"start":{"line":308,"column":10},"end":{"line":314,"column":13}},"125":{"start":{"line":310,"column":12},"end":{"line":310,"column":98}},"126":{"start":{"line":311,"column":12},"end":{"line":313,"column":13}},"127":{"start":{"line":312,"column":14},"end":{"line":312,"column":83}},"128":{"start":{"line":316,"column":10},"end":{"line":316,"column":36}},"129":{"start":{"line":321,"column":6},"end":{"line":321,"column":37}},"130":{"start":{"line":327,"column":6},"end":{"line":327,"column":51}},"131":{"start":{"line":328,"column":6},"end":{"line":328,"column":29}},"132":{"start":{"line":329,"column":6},"end":{"line":329,"column":29}},"133":{"start":{"line":331,"column":6},"end":{"line":347,"column":7}},"134":{"start":{"line":332,"column":8},"end":{"line":332,"column":53}},"135":{"start":{"line":336,"column":8},"end":{"line":346,"column":9}},"136":{"start":{"line":339,"column":10},"end":{"line":339,"column":66}},"137":{"start":{"line":342,"column":10},"end":{"line":342,"column":37}},"138":{"start":{"line":345,"column":10},"end":{"line":345,"column":38}},"139":{"start":{"line":350,"column":6},"end":{"line":364,"column":7}},"140":{"start":{"line":351,"column":8},"end":{"line":360,"column":9}},"141":{"start":{"line":359,"column":10},"end":{"line":359,"column":49}},"142":{"start":{"line":363,"column":8},"end":{"line":363,"column":34}},"143":{"start":{"line":371,"column":6},"end":{"line":371,"column":52}},"144":{"start":{"line":372,"column":6},"end":{"line":374,"column":9}},"145":{"start":{"line":373,"column":8},"end":{"line":373,"column":35}},"146":{"start":{"line":377,"column":6},"end":{"line":377,"column":42}},"147":{"start":{"line":381,"column":6},"end":{"line":381,"column":60}},"148":{"start":{"line":382,"column":6},"end":{"line":382,"column":16}},"149":{"start":{"line":385,"column":6},"end":{"line":385,"column":20}},"150":{"start":{"line":387,"column":6},"end":{"line":387,"column":20}},"151":{"start":{"line":406,"column":2},"end":{"line":445,"column":4}},"152":{"start":{"line":409,"column":4},"end":{"line":409,"column":28}},"153":{"start":{"line":415,"column":4},"end":{"line":415,"column":54}},"154":{"start":{"line":418,"column":4},"end":{"line":418,"column":51}},"155":{"start":{"line":421,"column":4},"end":{"line":421,"column":36}},"156":{"start":{"line":424,"column":4},"end":{"line":444,"column":5}},"157":{"start":{"line":425,"column":6},"end":{"line":425,"column":29}},"158":{"start":{"line":426,"column":6},"end":{"line":431,"column":9}},"159":{"start":{"line":427,"column":8},"end":{"line":430,"column":11}},"160":{"start":{"line":428,"column":10},"end":{"line":428,"column":84}},"161":{"start":{"line":428,"column":66},"end":{"line":428,"column":84}},"162":{"start":{"line":429,"column":10},"end":{"line":429,"column":81}},"163":{"start":{"line":429,"column":60},"end":{"line":429,"column":81}},"164":{"start":{"line":434,"column":6},"end":{"line":443,"column":7}},"165":{"start":{"line":435,"column":8},"end":{"line":439,"column":11}},"166":{"start":{"line":436,"column":10},"end":{"line":436,"column":84}},"167":{"start":{"line":436,"column":66},"end":{"line":436,"column":84}},"168":{"start":{"line":437,"column":10},"end":{"line":437,"column":28}},"169":{"start":{"line":437,"column":20},"end":{"line":437,"column":28}},"170":{"start":{"line":438,"column":10},"end":{"line":438,"column":26}},"171":{"start":{"line":442,"column":8},"end":{"line":442,"column":26}},"172":{"start":{"line":442,"column":18},"end":{"line":442,"column":26}},"173":{"start":{"line":449,"column":2},"end":{"line":461,"column":3}},"174":{"start":{"line":450,"column":4},"end":{"line":450,"column":43}},"175":{"start":{"line":453,"column":7},"end":{"line":461,"column":3}},"176":{"start":{"line":454,"column":4},"end":{"line":456,"column":7}},"177":{"start":{"line":455,"column":6},"end":{"line":455,"column":25}},"178":{"start":{"line":459,"column":7},"end":{"line":461,"column":3}},"179":{"start":{"line":460,"column":4},"end":{"line":460,"column":37}}},"branchMap":{"1":{"line":25,"type":"if","locations":[{"start":{"line":25,"column":6},"end":{"line":25,"column":6}},{"start":{"line":25,"column":6},"end":{"line":25,"column":6}}]},"2":{"line":38,"type":"binary-expr","locations":[{"start":{"line":38,"column":16},"end":{"line":38,"column":39}},{"start":{"line":38,"column":43},"end":{"line":52,"column":3}}]},"3":{"line":39,"type":"if","locations":[{"start":{"line":39,"column":4},"end":{"line":39,"column":4}},{"start":{"line":39,"column":4},"end":{"line":39,"column":4}}]},"4":{"line":39,"type":"binary-expr","locations":[{"start":{"line":39,"column":8},"end":{"line":39,"column":23}},{"start":{"line":39,"column":27},"end":{"line":39,"column":40}},{"start":{"line":39,"column":44},"end":{"line":39,"column":68}}]},"5":{"line":48,"type":"if","locations":[{"start":{"line":48,"column":6},"end":{"line":48,"column":6}},{"start":{"line":48,"column":6},"end":{"line":48,"column":6}}]},"6":{"line":71,"type":"binary-expr","locations":[{"start":{"line":71,"column":24},"end":{"line":71,"column":41}},{"start":{"line":71,"column":45},"end":{"line":71,"column":47}}]},"7":{"line":89,"type":"if","locations":[{"start":{"line":89,"column":4},"end":{"line":89,"column":4}},{"start":{"line":89,"column":4},"end":{"line":89,"column":4}}]},"8":{"line":90,"type":"if","locations":[{"start":{"line":90,"column":6},"end":{"line":90,"column":6}},{"start":{"line":90,"column":6},"end":{"line":90,"column":6}}]},"9":{"line":101,"type":"if","locations":[{"start":{"line":101,"column":6},"end":{"line":101,"column":6}},{"start":{"line":101,"column":6},"end":{"line":101,"column":6}}]},"10":{"line":114,"type":"if","locations":[{"start":{"line":114,"column":8},"end":{"line":114,"column":8}},{"start":{"line":114,"column":8},"end":{"line":114,"column":8}}]},"11":{"line":117,"type":"if","locations":[{"start":{"line":117,"column":10},"end":{"line":117,"column":10}},{"start":{"line":117,"column":10},"end":{"line":117,"column":10}}]},"12":{"line":117,"type":"binary-expr","locations":[{"start":{"line":117,"column":14},"end":{"line":117,"column":40}},{"start":{"line":117,"column":44},"end":{"line":117,"column":76}}]},"13":{"line":120,"type":"if","locations":[{"start":{"line":120,"column":12},"end":{"line":120,"column":12}},{"start":{"line":120,"column":12},"end":{"line":120,"column":12}}]},"14":{"line":127,"type":"if","locations":[{"start":{"line":127,"column":10},"end":{"line":127,"column":10}},{"start":{"line":127,"column":10},"end":{"line":127,"column":10}}]},"15":{"line":127,"type":"binary-expr","locations":[{"start":{"line":127,"column":14},"end":{"line":127,"column":40}},{"start":{"line":127,"column":45},"end":{"line":127,"column":52}},{"start":{"line":127,"column":56},"end":{"line":127,"column":80}}]},"16":{"line":130,"type":"if","locations":[{"start":{"line":130,"column":12},"end":{"line":130,"column":12}},{"start":{"line":130,"column":12},"end":{"line":130,"column":12}}]},"17":{"line":143,"type":"if","locations":[{"start":{"line":143,"column":17},"end":{"line":143,"column":17}},{"start":{"line":143,"column":17},"end":{"line":143,"column":17}}]},"18":{"line":143,"type":"binary-expr","locations":[{"start":{"line":143,"column":21},"end":{"line":143,"column":30}},{"start":{"line":143,"column":35},"end":{"line":143,"column":64}}]},"19":{"line":153,"type":"if","locations":[{"start":{"line":153,"column":14},"end":{"line":153,"column":14}},{"start":{"line":153,"column":14},"end":{"line":153,"column":14}}]},"20":{"line":153,"type":"binary-expr","locations":[{"start":{"line":153,"column":18},"end":{"line":153,"column":25}},{"start":{"line":153,"column":29},"end":{"line":153,"column":78}}]},"21":{"line":177,"type":"if","locations":[{"start":{"line":177,"column":6},"end":{"line":177,"column":6}},{"start":{"line":177,"column":6},"end":{"line":177,"column":6}}]},"22":{"line":187,"type":"binary-expr","locations":[{"start":{"line":187,"column":17},"end":{"line":187,"column":44}},{"start":{"line":187,"column":48},"end":{"line":187,"column":70}}]},"23":{"line":190,"type":"if","locations":[{"start":{"line":190,"column":4},"end":{"line":190,"column":4}},{"start":{"line":190,"column":4},"end":{"line":190,"column":4}}]},"24":{"line":198,"type":"if","locations":[{"start":{"line":198,"column":4},"end":{"line":198,"column":4}},{"start":{"line":198,"column":4},"end":{"line":198,"column":4}}]},"25":{"line":199,"type":"binary-expr","locations":[{"start":{"line":199,"column":31},"end":{"line":199,"column":63}},{"start":{"line":199,"column":67},"end":{"line":199,"column":94}}]},"26":{"line":202,"type":"if","locations":[{"start":{"line":202,"column":6},"end":{"line":202,"column":6}},{"start":{"line":202,"column":6},"end":{"line":202,"column":6}}]},"27":{"line":207,"type":"if","locations":[{"start":{"line":207,"column":11},"end":{"line":207,"column":11}},{"start":{"line":207,"column":11},"end":{"line":207,"column":11}}]},"28":{"line":223,"type":"if","locations":[{"start":{"line":223,"column":4},"end":{"line":223,"column":4}},{"start":{"line":223,"column":4},"end":{"line":223,"column":4}}]},"29":{"line":237,"type":"if","locations":[{"start":{"line":237,"column":6},"end":{"line":237,"column":6}},{"start":{"line":237,"column":6},"end":{"line":237,"column":6}}]},"30":{"line":237,"type":"binary-expr","locations":[{"start":{"line":237,"column":10},"end":{"line":237,"column":36}},{"start":{"line":237,"column":40},"end":{"line":237,"column":63}}]},"31":{"line":243,"type":"if","locations":[{"start":{"line":243,"column":6},"end":{"line":243,"column":6}},{"start":{"line":243,"column":6},"end":{"line":243,"column":6}}]},"32":{"line":248,"type":"if","locations":[{"start":{"line":248,"column":6},"end":{"line":248,"column":6}},{"start":{"line":248,"column":6},"end":{"line":248,"column":6}}]},"33":{"line":253,"type":"binary-expr","locations":[{"start":{"line":253,"column":33},"end":{"line":253,"column":58}},{"start":{"line":253,"column":62},"end":{"line":253,"column":64}}]},"34":{"line":253,"type":"binary-expr","locations":[{"start":{"line":253,"column":82},"end":{"line":253,"column":106}},{"start":{"line":253,"column":110},"end":{"line":253,"column":112}}]},"35":{"line":257,"type":"if","locations":[{"start":{"line":257,"column":6},"end":{"line":257,"column":6}},{"start":{"line":257,"column":6},"end":{"line":257,"column":6}}]},"36":{"line":266,"type":"if","locations":[{"start":{"line":266,"column":8},"end":{"line":266,"column":8}},{"start":{"line":266,"column":8},"end":{"line":266,"column":8}}]},"37":{"line":266,"type":"binary-expr","locations":[{"start":{"line":266,"column":12},"end":{"line":266,"column":25}},{"start":{"line":266,"column":29},"end":{"line":266,"column":43}}]},"38":{"line":336,"type":"if","locations":[{"start":{"line":336,"column":8},"end":{"line":336,"column":8}},{"start":{"line":336,"column":8},"end":{"line":336,"column":8}}]},"39":{"line":336,"type":"binary-expr","locations":[{"start":{"line":336,"column":12},"end":{"line":336,"column":23}},{"start":{"line":336,"column":27},"end":{"line":336,"column":66}},{"start":{"line":336,"column":70},"end":{"line":336,"column":109}}]},"40":{"line":339,"type":"binary-expr","locations":[{"start":{"line":339,"column":19},"end":{"line":339,"column":39}},{"start":{"line":339,"column":43},"end":{"line":339,"column":65}}]},"41":{"line":350,"type":"if","locations":[{"start":{"line":350,"column":6},"end":{"line":350,"column":6}},{"start":{"line":350,"column":6},"end":{"line":350,"column":6}}]},"42":{"line":350,"type":"binary-expr","locations":[{"start":{"line":350,"column":10},"end":{"line":350,"column":34}},{"start":{"line":350,"column":39},"end":{"line":350,"column":63}},{"start":{"line":350,"column":68},"end":{"line":350,"column":90}},{"start":{"line":350,"column":94},"end":{"line":350,"column":113}}]},"43":{"line":409,"type":"binary-expr","locations":[{"start":{"line":409,"column":14},"end":{"line":409,"column":21}},{"start":{"line":409,"column":25},"end":{"line":409,"column":27}}]},"44":{"line":415,"type":"binary-expr","locations":[{"start":{"line":415,"column":22},"end":{"line":415,"column":41}},{"start":{"line":415,"column":45},"end":{"line":415,"column":53}}]},"45":{"line":418,"type":"binary-expr","locations":[{"start":{"line":418,"column":22},"end":{"line":418,"column":41}},{"start":{"line":418,"column":45},"end":{"line":418,"column":50}}]},"46":{"line":424,"type":"if","locations":[{"start":{"line":424,"column":4},"end":{"line":424,"column":4}},{"start":{"line":424,"column":4},"end":{"line":424,"column":4}}]},"47":{"line":428,"type":"if","locations":[{"start":{"line":428,"column":10},"end":{"line":428,"column":10}},{"start":{"line":428,"column":10},"end":{"line":428,"column":10}}]},"48":{"line":428,"type":"binary-expr","locations":[{"start":{"line":428,"column":14},"end":{"line":428,"column":26}},{"start":{"line":428,"column":30},"end":{"line":428,"column":64}}]},"49":{"line":429,"type":"if","locations":[{"start":{"line":429,"column":10},"end":{"line":429,"column":10}},{"start":{"line":429,"column":10},"end":{"line":429,"column":10}}]},"50":{"line":429,"type":"binary-expr","locations":[{"start":{"line":429,"column":14},"end":{"line":429,"column":18}},{"start":{"line":429,"column":22},"end":{"line":429,"column":58}}]},"51":{"line":434,"type":"if","locations":[{"start":{"line":434,"column":6},"end":{"line":434,"column":6}},{"start":{"line":434,"column":6},"end":{"line":434,"column":6}}]},"52":{"line":436,"type":"if","locations":[{"start":{"line":436,"column":10},"end":{"line":436,"column":10}},{"start":{"line":436,"column":10},"end":{"line":436,"column":10}}]},"53":{"line":436,"type":"binary-expr","locations":[{"start":{"line":436,"column":14},"end":{"line":436,"column":26}},{"start":{"line":436,"column":30},"end":{"line":436,"column":64}}]},"54":{"line":437,"type":"if","locations":[{"start":{"line":437,"column":10},"end":{"line":437,"column":10}},{"start":{"line":437,"column":10},"end":{"line":437,"column":10}}]},"55":{"line":442,"type":"if","locations":[{"start":{"line":442,"column":8},"end":{"line":442,"column":8}},{"start":{"line":442,"column":8},"end":{"line":442,"column":8}}]},"56":{"line":449,"type":"if","locations":[{"start":{"line":449,"column":2},"end":{"line":449,"column":2}},{"start":{"line":449,"column":2},"end":{"line":449,"column":2}}]},"57":{"line":449,"type":"binary-expr","locations":[{"start":{"line":449,"column":6},"end":{"line":449,"column":32}},{"start":{"line":449,"column":36},"end":{"line":449,"column":70}}]},"58":{"line":453,"type":"if","locations":[{"start":{"line":453,"column":7},"end":{"line":453,"column":7}},{"start":{"line":453,"column":7},"end":{"line":453,"column":7}}]},"59":{"line":453,"type":"binary-expr","locations":[{"start":{"line":453,"column":11},"end":{"line":453,"column":39}},{"start":{"line":453,"column":43},"end":{"line":453,"column":53}}]},"60":{"line":459,"type":"if","locations":[{"start":{"line":459,"column":7},"end":{"line":459,"column":7}},{"start":{"line":459,"column":7},"end":{"line":459,"column":7}}]}},"code":["/**"," * SVGInjector v1.1.3 - Fast, caching, dynamic inline SVG DOM injection library"," * https://github.com/iconic/SVGInjector"," *"," * Copyright (c) 2014-2015 Waybury <hello@waybury.com>"," * @license MIT"," */","","(function (window, document) {","","  'use strict';","","  // Environment","  var isLocal = window.location.protocol === 'file:';","  var hasSvgSupport = document.implementation.hasFeature('http://www.w3.org/TR/SVG11/feature#BasicStructure', '1.1');","","  function uniqueClasses(list) {","    list = list.split(' ');","","    var hash = {};","    var i = list.length;","    var out = [];","","    while (i--) {","      if (!hash.hasOwnProperty(list[i])) {","        hash[list[i]] = 1;","        out.unshift(list[i]);","      }","    }","","    return out.join(' ');","  }","","  /**","   * cache (or polyfill for <= IE8) Array.forEach()","   * source: https://developer.mozilla.org/en-US/docs/Web/JavaScript/Reference/Global_Objects/Array/forEach","   */","  var forEach = Array.prototype.forEach || function (fn, scope) {","    if (this === void 0 || this === null || typeof fn !== 'function') {","      throw new TypeError();","    }","","    /* jshint bitwise: false */","    var i, len = this.length >>> 0;","    /* jshint bitwise: true */","","    for (i = 0; i < len; ++i) {","      if (i in this) {","        fn.call(scope, this[i], i, this);","      }","    }","  };","","  // SVG Cache","  var svgCache = {};","","  var injectCount = 0;","  var injectedElements = [];","","  // Request Queue","  var requestQueue = [];","","  // Script running status","  var ranScripts = {};","","  var cloneSvg = function (sourceSvg) {","    return sourceSvg.cloneNode(true);","  };","","  var queueRequest = function (url, callback) {","    requestQueue[url] = requestQueue[url] || [];","    requestQueue[url].push(callback);","  };","","  var processRequestQueue = function (url) {","    for (var i = 0, len = requestQueue[url].length; i < len; i++) {","      // Make these calls async so we avoid blocking the page/renderer","      /* jshint loopfunc: true */","      (function (index) {","        setTimeout(function () {","          requestQueue[url][index](cloneSvg(svgCache[url]));","        }, 0);","      })(i);","      /* jshint loopfunc: false */","    }","  };","","  var loadSvg = function (url, callback) {","    if (svgCache[url] !== undefined) {","      if (svgCache[url] instanceof SVGSVGElement) {","        // We already have it in cache, so use it","        callback(cloneSvg(svgCache[url]));","      }","      else {","        // We don't have it in cache yet, but we are loading it, so queue this request","        queueRequest(url, callback);","      }","    }","    else {","","      if (!window.XMLHttpRequest) {","        callback('Browser does not support XMLHttpRequest');","        return false;","      }","","      // Seed the cache to indicate we are loading this URL already","      svgCache[url] = {};","      queueRequest(url, callback);","","      var httpRequest = new XMLHttpRequest();","","      httpRequest.onreadystatechange = function () {","        // readyState 4 = complete","        if (httpRequest.readyState === 4) {","","          // Handle status","          if (httpRequest.status === 404 || httpRequest.responseXML === null) {","            callback('Unable to load SVG file: ' + url);","","            if (isLocal) callback('Note: SVG injection ajax calls do not work locally without adjusting security setting in your browser. Or consider using a local webserver.');","","            callback();","            return false;","          }","","          // 200 success from server, or 0 when using file:// protocol locally","          if (httpRequest.status === 200 || (isLocal && httpRequest.status === 0)) {","","            /* globals Document */","            if (httpRequest.responseXML instanceof Document) {","              // Cache it","              svgCache[url] = httpRequest.responseXML.documentElement;","            }","            /* globals -Document */","","            // IE9 doesn't create a responseXML Document object from loaded SVG,","            // and throws a \"DOM Exception: HIERARCHY_REQUEST_ERR (3)\" error when injected.","            //","            // So, we'll just create our own manually via the DOMParser using","            // the the raw XML responseText.","            //","            // :NOTE: IE8 and older doesn't have DOMParser, but they can't do SVG either, so...","            else if (DOMParser && (DOMParser instanceof Function)) {","              var xmlDoc;","              try {","                var parser = new DOMParser();","                xmlDoc = parser.parseFromString(httpRequest.responseText, 'text/xml');","              }","              catch (e) {","                xmlDoc = undefined;","              }","","              if (!xmlDoc || xmlDoc.getElementsByTagName('parsererror').length) {","                callback('Unable to parse SVG file: ' + url);","                return false;","              }","              else {","                // Cache it","                svgCache[url] = xmlDoc.documentElement;","              }","            }","","            // We've loaded a new asset, so process any requests waiting for it","            processRequestQueue(url);","          }","          else {","            callback('There was a problem injecting the SVG: ' + httpRequest.status + ' ' + httpRequest.statusText);","            return false;","          }","        }","      };","","      httpRequest.open('GET', url);","","      // Treat and parse the response as XML, even if the","      // server sends us a different mimetype","      if (httpRequest.overrideMimeType) httpRequest.overrideMimeType('text/xml');","","      httpRequest.send();","    }","  };","","  // Inject a single element","  var injectElement = function (el, evalScripts, pngFallback, callback) {","","    // Grab the src or data-src attribute","    var imgUrl = el.getAttribute('data-src') || el.getAttribute('src');","","    // We can only inject SVG","    if (!(/\\.svg/i).test(imgUrl)) {","      callback('Attempted to inject a file with a non-svg extension: ' + imgUrl);","      return;","    }","","    // If we don't have SVG support try to fall back to a png,","    // either defined per-element via data-fallback or data-png,","    // or globally via the pngFallback directory setting","    if (!hasSvgSupport) {","      var perElementFallback = el.getAttribute('data-fallback') || el.getAttribute('data-png');","","      // Per-element specific PNG fallback defined, so use that","      if (perElementFallback) {","        el.setAttribute('src', perElementFallback);","        callback(null);","      }","      // Global PNG fallback directoriy defined, use the same-named PNG","      else if (pngFallback) {","        el.setAttribute('src', pngFallback + '/' + imgUrl.split('/').pop().replace('.svg', '.png'));","        callback(null);","      }","      // um...","      else {","        callback('This browser does not support SVG and no PNG fallback was defined.');","      }","","      return;","    }","","    // Make sure we aren't already in the process of injecting this element to","    // avoid a race condition if multiple injections for the same element are run.","    // :NOTE: Using indexOf() only _after_ we check for SVG support and bail,","    // so no need for IE8 indexOf() polyfill","    if (injectedElements.indexOf(el) !== -1) {","      return;","    }","","    // Remember the request to inject this element, in case other injection","    // calls are also trying to replace this element before we finish","    injectedElements.push(el);","","    // Try to avoid loading the orginal image src if possible.","    el.setAttribute('src', '');","","    // Load it up","    loadSvg(imgUrl, function (svg) {","","      if (typeof svg === 'undefined' || typeof svg === 'string') {","        callback(svg);","        return false;","      }","","      var imgId = el.getAttribute('id');","      if (imgId) {","        svg.setAttribute('id', imgId);","      }","","      var imgTitle = el.getAttribute('title');","      if (imgTitle) {","        svg.setAttribute('title', imgTitle);","      }","","      // Concat the SVG classes + 'injected-svg' + the img classes","      var classMerge = [].concat(svg.getAttribute('class') || [], 'injected-svg', el.getAttribute('class') || []).join(' ');","      svg.setAttribute('class', uniqueClasses(classMerge));","","      var imgStyle = el.getAttribute('style');","      if (imgStyle) {","        svg.setAttribute('style', imgStyle);","      }","","      // Copy all the data elements to the svg","      var imgData = [].filter.call(el.attributes, function (at) {","        return (/^data-\\w[\\w\\-]*$/).test(at.name);","      });","      forEach.call(imgData, function (dataAttr) {","        if (dataAttr.name && dataAttr.value) {","          svg.setAttribute(dataAttr.name, dataAttr.value);","        }","      });","","      // Make sure any internally referenced clipPath ids and their","      // clip-path references are unique.","      //","      // This addresses the issue of having multiple instances of the","      // same SVG on a page and only the first clipPath id is referenced.","      //","      // Browsers often shortcut the SVG Spec and don't use clipPaths","      // contained in parent elements that are hidden, so if you hide the first","      // SVG instance on the page, then all other instances lose their clipping.","      // Reference: https://bugzilla.mozilla.org/show_bug.cgi?id=376027","","      // Handle all defs elements that have iri capable attributes as defined by w3c: http://www.w3.org/TR/SVG/linking.html#processingIRI","      // Mapping IRI addressable elements to the properties that can reference them:","      var iriElementsAndProperties = {","        'clipPath': ['clip-path'],","        'color-profile': ['color-profile'],","        'cursor': ['cursor'],","        'filter': ['filter'],","        'linearGradient': ['fill', 'stroke'],","        'marker': ['marker', 'marker-start', 'marker-mid', 'marker-end'],","        'mask': ['mask'],","        'pattern': ['fill', 'stroke'],","        'radialGradient': ['fill', 'stroke']","      };","","      var element, elementDefs, properties, currentId, newId;","      Object.keys(iriElementsAndProperties).forEach(function (key) {","        element = key;","        properties = iriElementsAndProperties[key];","","        elementDefs = svg.querySelectorAll('defs ' + element + '[id]');","        for (var i = 0, elementsLen = elementDefs.length; i < elementsLen; i++) {","          currentId = elementDefs[i].id;","          newId = currentId + '-' + injectCount;","","          // All of the properties that can reference this element type","          var referencingElements;","          forEach.call(properties, function (property) {","            // :NOTE: using a substring match attr selector here to deal with IE \"adding extra quotes in url() attrs\"","            referencingElements = svg.querySelectorAll('[' + property + '*=\"' + currentId + '\"]');","            for (var j = 0, referencingElementLen = referencingElements.length; j < referencingElementLen; j++) {","              referencingElements[j].setAttribute(property, 'url(#' + newId + ')');","            }","          });","","          elementDefs[i].id = newId;","        }","      });","","      // Remove any unwanted/invalid namespaces that might have been added by SVG editing tools","      svg.removeAttribute('xmlns:a');","","      // Post page load injected SVGs don't automatically have their script","      // elements run, so we'll need to make that happen, if requested","","      // Find then prune the scripts","      var scripts = svg.querySelectorAll('script');","      var scriptsToEval = [];","      var script, scriptType;","","      for (var k = 0, scriptsLen = scripts.length; k < scriptsLen; k++) {","        scriptType = scripts[k].getAttribute('type');","","        // Only process javascript types.","        // SVG defaults to 'application/ecmascript' for unset types","        if (!scriptType || scriptType === 'application/ecmascript' || scriptType === 'application/javascript') {","","          // innerText for IE, textContent for other browsers","          script = scripts[k].innerText || scripts[k].textContent;","","          // Stash","          scriptsToEval.push(script);","","          // Tidy up and remove the script element since we don't need it anymore","          svg.removeChild(scripts[k]);","        }","      }","","      // Run/Eval the scripts if needed","      if (scriptsToEval.length > 0 && (evalScripts === 'always' || (evalScripts === 'once' && !ranScripts[imgUrl]))) {","        for (var l = 0, scriptsToEvalLen = scriptsToEval.length; l < scriptsToEvalLen; l++) {","","          // :NOTE: Yup, this is a form of eval, but it is being used to eval code","          // the caller has explictely asked to be loaded, and the code is in a caller","          // defined SVG file... not raw user input.","          //","          // Also, the code is evaluated in a closure and not in the global scope.","          // If you need to put something in global scope, use 'window'","          new Function(scriptsToEval[l])(window); // jshint ignore:line","        }","","        // Remember we already ran scripts for this svg","        ranScripts[imgUrl] = true;","      }","","      // :WORKAROUND:","      // IE doesn't evaluate <style> tags in SVGs that are dynamically added to the page.","      // This trick will trigger IE to read and use any existing SVG <style> tags.","      //","      // Reference: https://github.com/iconic/SVGInjector/issues/23","      var styleTags = svg.querySelectorAll('style');","      forEach.call(styleTags, function (styleTag) {","        styleTag.textContent += '';","      });","","      // Replace the image with the svg","      el.parentNode.replaceChild(svg, el);","","      // Now that we no longer need it, drop references","      // to the original element so it can be GC'd","      delete injectedElements[injectedElements.indexOf(el)];","      el = null;","","      // Increment the injected count","      injectCount++;","","      callback(svg);","    });","  };","","  /**","   * SVGInjector","   *","   * Replace the given elements with their full inline SVG DOM elements.","   *","   * :NOTE: We are using get/setAttribute with SVG because the SVG DOM spec differs from HTML DOM and","   * can return other unexpected object types when trying to directly access svg properties.","   * ex: \"className\" returns a SVGAnimatedString with the class value found in the \"baseVal\" property,","   * instead of simple string like with HTML Elements.","   *","   * @param {mixes} Array of or single DOM element","   * @param {object} options","   * @param {function} callback","   * @return {object} Instance of SVGInjector","   */","  var SVGInjector = function (elements, options, done) {","","    // Options & defaults","    options = options || {};","","    // Should we run the scripts blocks found in the SVG","    // 'always' - Run them every time","    // 'once' - Only run scripts once for each SVG","    // [false|'never'] - Ignore scripts","    var evalScripts = options.evalScripts || 'always';","","    // Location of fallback pngs, if desired","    var pngFallback = options.pngFallback || false;","","    // Callback to run during each SVG injection, returning the SVG injected","    var eachCallback = options.each;","","    // Do the injection...","    if (elements.length !== undefined) {","      var elementsLoaded = 0;","      forEach.call(elements, function (element) {","        injectElement(element, evalScripts, pngFallback, function (svg) {","          if (eachCallback && typeof eachCallback === 'function') eachCallback(svg);","          if (done && elements.length === ++elementsLoaded) done(elementsLoaded);","        });","      });","    }","    else {","      if (elements) {","        injectElement(elements, evalScripts, pngFallback, function (svg) {","          if (eachCallback && typeof eachCallback === 'function') eachCallback(svg);","          if (done) done(1);","          elements = null;","        });","      }","      else {","        if (done) done(0);","      }","    }","  };","","  /* global module, exports: true, define */","  // Node.js or CommonJS","  if (typeof module === 'object' && typeof module.exports === 'object') {","    module.exports = exports = SVGInjector;","  }","  // AMD support","  else if (typeof define === 'function' && define.amd) {","    define(function () {","      return SVGInjector;","    });","  }","  // Otherwise, attach to window as global","  else if (typeof window === 'object') {","    window.SVGInjector = SVGInjector;","  }","  /* global -module, -exports, -define */","","}(window, document));",""],"l":{"9":2,"14":0,"15":0,"17":1,"18":0,"20":0,"21":0,"22":0,"24":0,"25":0,"26":0,"27":0,"31":0,"38":0,"39":0,"40":0,"44":0,"47":0,"48":0,"49":0,"55":0,"57":0,"58":0,"61":0,"64":0,"66":0,"67":0,"70":0,"71":0,"72":0,"75":0,"76":0,"79":0,"80":0,"81":0,"88":0,"89":0,"90":0,"92":0,"96":0,"101":0,"102":0,"103":0,"107":0,"108":0,"110":0,"112":0,"114":0,"117":0,"118":0,"120":0,"122":0,"123":0,"127":0,"130":0,"132":0,"143":0,"144":0,"145":0,"146":0,"147":0,"150":0,"153":0,"154":0,"155":0,"159":0,"164":0,"167":0,"168":0,"173":0,"177":0,"179":0,"184":0,"187":0,"190":0,"191":0,"192":0,"198":0,"199":0,"202":0,"203":0,"204":0,"207":0,"208":0,"209":0,"213":0,"216":0,"223":0,"224":0,"229":0,"232":0,"235":0,"237":0,"238":0,"239":0,"242":0,"243":0,"244":0,"247":0,"248":0,"249":0,"253":0,"254":0,"256":0,"257":0,"258":0,"262":0,"263":0,"265":0,"266":0,"267":0,"284":0,"296":0,"297":0,"298":0,"299":0,"301":0,"302":0,"303":0,"304":0,"307":0,"308":0,"310":0,"311":0,"312":0,"316":0,"321":0,"327":0,"328":0,"329":0,"331":0,"332":0,"336":0,"339":0,"342":0,"345":0,"350":0,"351":0,"359":0,"363":0,"371":0,"372":0,"373":0,"377":0,"381":0,"382":0,"385":0,"387":0,"406":0,"409":0,"415":0,"418":0,"421":0,"424":0,"425":0,"426":0,"427":0,"428":0,"429":0,"434":0,"435":0,"436":0,"437":0,"438":0,"442":0,"449":0,"450":0,"453":0,"454":0,"455":0,"459":0,"460":0}}}